2023-04-06 20:52:35 WARN [com.zaxxer.hikari.pool.HikariPool]: HikariPool-1 - Thread starvation or clock leap detected (housekeeper delta=2d6h44s59ms484µs600ns).
2023-04-06 21:20:59 WARN [org.springframework.web.servlet.mvc.support.DefaultHandlerExceptionResolver]: Resolved [org.springframework.web.HttpMediaTypeNotSupportedException: Content type 'multipart/form-data;boundary=----WebKitFormBoundaryItnOHeAitiEVGGGG;charset=UTF-8' not supported]
2023-04-06 21:21:25 WARN [org.springframework.web.servlet.mvc.support.DefaultHandlerExceptionResolver]: Resolved [org.springframework.web.HttpMediaTypeNotSupportedException: Content type 'multipart/form-data;boundary=----WebKitFormBoundaryHlofmLG5wWAp3dnL;charset=UTF-8' not supported]
2023-04-06 21:22:17 WARN [org.springframework.web.servlet.mvc.support.DefaultHandlerExceptionResolver]: Resolved [org.springframework.web.HttpMediaTypeNotSupportedException: Content type 'multipart/form-data;boundary=----WebKitFormBoundaryY3pEQkWR2U4PutTX;charset=UTF-8' not supported]
2023-04-06 21:22:43 WARN [org.springframework.web.servlet.mvc.support.DefaultHandlerExceptionResolver]: Resolved [org.springframework.web.HttpMediaTypeNotSupportedException: Content type 'multipart/form-data;boundary=----WebKitFormBoundarypgW3UM34WY0qrhGc;charset=UTF-8' not supported]
2023-04-06 21:23:05 WARN [org.springframework.web.servlet.mvc.support.DefaultHandlerExceptionResolver]: Resolved [org.springframework.web.HttpMediaTypeNotSupportedException: Content type 'multipart/form-data;boundary=----WebKitFormBoundary7uROmdUjpkw33mPj;charset=UTF-8' not supported]
2023-04-06 21:24:59 INFO [com.zaxxer.hikari.HikariDataSource]: HikariPool-1 - Shutdown initiated...
2023-04-06 21:24:59 INFO [com.zaxxer.hikari.HikariDataSource]: HikariPool-1 - Shutdown completed.
2023-04-06 21:25:07 INFO [com.example.yin.YinMusicApplication]: Starting YinMusicApplication using Java 1.8.0_201 on LAPTOP-KHDN7OPL with PID 25120 (E:\AJ'S MUSICOM\music-website\music-server\target\classes started by ASUS in E:\AJ'S MUSICOM\music-website)
2023-04-06 21:25:07 INFO [com.example.yin.YinMusicApplication]: The following profiles are active: dev
2023-04-06 21:25:07 INFO [org.springframework.boot.devtools.env.DevToolsPropertyDefaultsPostProcessor]: Devtools property defaults active! Set 'spring.devtools.add-properties' to 'false' to disable
2023-04-06 21:25:07 INFO [org.springframework.boot.devtools.env.DevToolsPropertyDefaultsPostProcessor]: For additional web related logging consider setting the 'logging.level.web' property to 'DEBUG'
2023-04-06 21:25:08 INFO [org.springframework.data.repository.config.RepositoryConfigurationDelegate]: Multiple Spring Data modules found, entering strict repository configuration mode!
2023-04-06 21:25:08 INFO [org.springframework.data.repository.config.RepositoryConfigurationDelegate]: Bootstrapping Spring Data Redis repositories in DEFAULT mode.
2023-04-06 21:25:08 INFO [org.springframework.data.repository.config.RepositoryConfigurationDelegate]: Finished Spring Data repository scanning in 11 ms. Found 0 Redis repository interfaces.
2023-04-06 21:25:10 INFO [org.springframework.boot.web.embedded.tomcat.TomcatWebServer]: Tomcat initialized with port(s): 8080 (http)
2023-04-06 21:25:10 INFO [org.springframework.boot.web.servlet.context.ServletWebServerApplicationContext]: Root WebApplicationContext: initialization completed in 3159 ms
2023-04-06 21:25:11 INFO [org.springframework.boot.devtools.autoconfigure.OptionalLiveReloadServer]: LiveReload server is running on port 35729
2023-04-06 21:25:11 INFO [org.springframework.boot.web.embedded.tomcat.TomcatWebServer]: Tomcat started on port(s): 8080 (http) with context path ''
2023-04-06 21:25:11 INFO [com.example.yin.YinMusicApplication]: Started YinMusicApplication in 4.912 seconds (JVM running for 6.863)
2023-04-06 21:25:26 INFO [org.springframework.web.servlet.DispatcherServlet]: Initializing Servlet 'dispatcherServlet'
2023-04-06 21:25:26 INFO [org.springframework.web.servlet.DispatcherServlet]: Completed initialization in 1 ms
2023-04-06 21:25:26 INFO [com.zaxxer.hikari.HikariDataSource]: HikariPool-1 - Starting...
2023-04-06 21:25:27 INFO [com.zaxxer.hikari.HikariDataSource]: HikariPool-1 - Start completed.
2023-04-06 21:27:59 WARN [com.zaxxer.hikari.pool.HikariPool]: HikariPool-1 - Thread starvation or clock leap detected (housekeeper delta=1m18s610ms527µs600ns).
2023-04-06 21:35:14 WARN [com.zaxxer.hikari.pool.HikariPool]: HikariPool-1 - Thread starvation or clock leap detected (housekeeper delta=1m33s295ms332µs800ns).
