2023-01-26 14:17:38 INFO [org.springframework.boot.test.context.SpringBootTestContextBootstrapper]: Neither @ContextConfiguration nor @ContextHierarchy found for test class [com.example.yin.YinMusicApplicationTests], using SpringBootContextLoader
2023-01-26 14:17:38 INFO [org.springframework.test.context.support.AbstractContextLoader]: Could not detect default resource locations for test class [com.example.yin.YinMusicApplicationTests]: no resource found for suffixes {-context.xml, Context.groovy}.
2023-01-26 14:17:38 INFO [org.springframework.test.context.support.AnnotationConfigContextLoaderUtils]: Could not detect default configuration classes for test class [com.example.yin.YinMusicApplicationTests]: YinMusicApplicationTests does not declare any static, non-private, non-final, nested classes annotated with @Configuration.
2023-01-26 14:17:39 INFO [org.springframework.boot.test.context.SpringBootTestContextBootstrapper]: Found @SpringBootConfiguration com.example.yin.YinMusicApplication for test class com.example.yin.YinMusicApplicationTests
2023-01-26 14:17:39 INFO [org.springframework.boot.test.context.SpringBootTestContextBootstrapper]: Loaded default TestExecutionListener class names from location [META-INF/spring.factories]: [org.springframework.boot.test.mock.mockito.MockitoTestExecutionListener, org.springframework.boot.test.mock.mockito.ResetMocksTestExecutionListener, org.springframework.boot.test.autoconfigure.restdocs.RestDocsTestExecutionListener, org.springframework.boot.test.autoconfigure.web.client.MockRestServiceServerResetTestExecutionListener, org.springframework.boot.test.autoconfigure.web.servlet.MockMvcPrintOnlyOnFailureTestExecutionListener, org.springframework.boot.test.autoconfigure.web.servlet.WebDriverTestExecutionListener, org.springframework.boot.test.autoconfigure.webservices.client.MockWebServiceServerTestExecutionListener, org.springframework.test.context.web.ServletTestExecutionListener, org.springframework.test.context.support.DirtiesContextBeforeModesTestExecutionListener, org.springframework.test.context.event.ApplicationEventsTestExecutionListener, org.springframework.test.context.support.DependencyInjectionTestExecutionListener, org.springframework.test.context.support.DirtiesContextTestExecutionListener, org.springframework.test.context.transaction.TransactionalTestExecutionListener, org.springframework.test.context.jdbc.SqlScriptsTestExecutionListener, org.springframework.test.context.event.EventPublishingTestExecutionListener]
2023-01-26 14:17:39 INFO [org.springframework.boot.test.context.SpringBootTestContextBootstrapper]: Using TestExecutionListeners: [org.springframework.test.context.web.ServletTestExecutionListener@2e48362c, org.springframework.test.context.support.DirtiesContextBeforeModesTestExecutionListener@1efe439d, org.springframework.test.context.event.ApplicationEventsTestExecutionListener@be68757, org.springframework.boot.test.mock.mockito.MockitoTestExecutionListener@7d446ed1, org.springframework.boot.test.autoconfigure.SpringBootDependencyInjectionTestExecutionListener@12d2ce03, org.springframework.test.context.support.DirtiesContextTestExecutionListener@7e5c856f, org.springframework.test.context.transaction.TransactionalTestExecutionListener@413f69cc, org.springframework.test.context.jdbc.SqlScriptsTestExecutionListener@1f53a5dc, org.springframework.test.context.event.EventPublishingTestExecutionListener@1b75c2e3, org.springframework.boot.test.mock.mockito.ResetMocksTestExecutionListener@1984b1f, org.springframework.boot.test.autoconfigure.restdocs.RestDocsTestExecutionListener@3bd323e9, org.springframework.boot.test.autoconfigure.web.client.MockRestServiceServerResetTestExecutionListener@39ac0c0a, org.springframework.boot.test.autoconfigure.web.servlet.MockMvcPrintOnlyOnFailureTestExecutionListener@c7ba306, org.springframework.boot.test.autoconfigure.web.servlet.WebDriverTestExecutionListener@4ff8d125, org.springframework.boot.test.autoconfigure.webservices.client.MockWebServiceServerTestExecutionListener@6d167f58]
2023-01-26 14:17:39 INFO [com.example.yin.YinMusicApplicationTests]: Starting YinMusicApplicationTests using Java 1.8.0_201 on LAPTOP-KHDN7OPL with PID 2704 (started by ASUS in E:\AJ'S MUSICOM\music-website)
2023-01-26 14:17:39 INFO [com.example.yin.YinMusicApplicationTests]: The following profiles are active: dev
2023-01-26 14:17:40 INFO [org.springframework.data.repository.config.RepositoryConfigurationDelegate]: Multiple Spring Data modules found, entering strict repository configuration mode!
2023-01-26 14:17:40 INFO [org.springframework.data.repository.config.RepositoryConfigurationDelegate]: Bootstrapping Spring Data Redis repositories in DEFAULT mode.
2023-01-26 14:17:40 INFO [org.springframework.data.repository.config.RepositoryConfigurationDelegate]: Finished Spring Data repository scanning in 15 ms. Found 0 Redis repository interfaces.
2023-01-26 14:17:44 INFO [com.example.yin.YinMusicApplicationTests]: Started YinMusicApplicationTests in 5.372 seconds (JVM running for 7.17)
2023-01-26 14:17:44 INFO [com.zaxxer.hikari.HikariDataSource]: HikariPool-1 - Starting...
2023-01-26 14:17:45 INFO [com.zaxxer.hikari.HikariDataSource]: HikariPool-1 - Start completed.
2023-01-26 14:17:45 INFO [com.zaxxer.hikari.HikariDataSource]: HikariPool-1 - Shutdown initiated...
2023-01-26 14:17:45 INFO [com.zaxxer.hikari.HikariDataSource]: HikariPool-1 - Shutdown completed.
2023-01-26 14:19:52 INFO [org.springframework.boot.test.context.SpringBootTestContextBootstrapper]: Neither @ContextConfiguration nor @ContextHierarchy found for test class [com.example.yin.YinMusicApplicationTests], using SpringBootContextLoader
2023-01-26 14:19:52 INFO [org.springframework.test.context.support.AbstractContextLoader]: Could not detect default resource locations for test class [com.example.yin.YinMusicApplicationTests]: no resource found for suffixes {-context.xml, Context.groovy}.
2023-01-26 14:19:52 INFO [org.springframework.test.context.support.AnnotationConfigContextLoaderUtils]: Could not detect default configuration classes for test class [com.example.yin.YinMusicApplicationTests]: YinMusicApplicationTests does not declare any static, non-private, non-final, nested classes annotated with @Configuration.
2023-01-26 14:19:52 INFO [org.springframework.boot.test.context.SpringBootTestContextBootstrapper]: Found @SpringBootConfiguration com.example.yin.YinMusicApplication for test class com.example.yin.YinMusicApplicationTests
2023-01-26 14:19:52 INFO [org.springframework.boot.test.context.SpringBootTestContextBootstrapper]: Loaded default TestExecutionListener class names from location [META-INF/spring.factories]: [org.springframework.boot.test.mock.mockito.MockitoTestExecutionListener, org.springframework.boot.test.mock.mockito.ResetMocksTestExecutionListener, org.springframework.boot.test.autoconfigure.restdocs.RestDocsTestExecutionListener, org.springframework.boot.test.autoconfigure.web.client.MockRestServiceServerResetTestExecutionListener, org.springframework.boot.test.autoconfigure.web.servlet.MockMvcPrintOnlyOnFailureTestExecutionListener, org.springframework.boot.test.autoconfigure.web.servlet.WebDriverTestExecutionListener, org.springframework.boot.test.autoconfigure.webservices.client.MockWebServiceServerTestExecutionListener, org.springframework.test.context.web.ServletTestExecutionListener, org.springframework.test.context.support.DirtiesContextBeforeModesTestExecutionListener, org.springframework.test.context.event.ApplicationEventsTestExecutionListener, org.springframework.test.context.support.DependencyInjectionTestExecutionListener, org.springframework.test.context.support.DirtiesContextTestExecutionListener, org.springframework.test.context.transaction.TransactionalTestExecutionListener, org.springframework.test.context.jdbc.SqlScriptsTestExecutionListener, org.springframework.test.context.event.EventPublishingTestExecutionListener]
2023-01-26 14:19:52 INFO [org.springframework.boot.test.context.SpringBootTestContextBootstrapper]: Using TestExecutionListeners: [org.springframework.test.context.web.ServletTestExecutionListener@60d84f61, org.springframework.test.context.support.DirtiesContextBeforeModesTestExecutionListener@39c11e6c, org.springframework.test.context.event.ApplicationEventsTestExecutionListener@324dcd31, org.springframework.boot.test.mock.mockito.MockitoTestExecutionListener@503d56b5, org.springframework.boot.test.autoconfigure.SpringBootDependencyInjectionTestExecutionListener@72bca894, org.springframework.test.context.support.DirtiesContextTestExecutionListener@433ffad1, org.springframework.test.context.transaction.TransactionalTestExecutionListener@1fc793c2, org.springframework.test.context.jdbc.SqlScriptsTestExecutionListener@2575f671, org.springframework.test.context.event.EventPublishingTestExecutionListener@329a1243, org.springframework.boot.test.mock.mockito.ResetMocksTestExecutionListener@ecf9fb3, org.springframework.boot.test.autoconfigure.restdocs.RestDocsTestExecutionListener@2d35442b, org.springframework.boot.test.autoconfigure.web.client.MockRestServiceServerResetTestExecutionListener@27f9e982, org.springframework.boot.test.autoconfigure.web.servlet.MockMvcPrintOnlyOnFailureTestExecutionListener@4593ff34, org.springframework.boot.test.autoconfigure.web.servlet.WebDriverTestExecutionListener@37d3d232, org.springframework.boot.test.autoconfigure.webservices.client.MockWebServiceServerTestExecutionListener@30c0ccff]
2023-01-26 14:19:53 INFO [com.example.yin.YinMusicApplicationTests]: Starting YinMusicApplicationTests using Java 1.8.0_201 on LAPTOP-KHDN7OPL with PID 10132 (started by ASUS in E:\AJ'S MUSICOM\music-website)
2023-01-26 14:19:53 INFO [com.example.yin.YinMusicApplicationTests]: The following profiles are active: dev
2023-01-26 14:19:54 INFO [org.springframework.data.repository.config.RepositoryConfigurationDelegate]: Multiple Spring Data modules found, entering strict repository configuration mode!
2023-01-26 14:19:54 INFO [org.springframework.data.repository.config.RepositoryConfigurationDelegate]: Bootstrapping Spring Data Redis repositories in DEFAULT mode.
2023-01-26 14:19:54 INFO [org.springframework.data.repository.config.RepositoryConfigurationDelegate]: Finished Spring Data repository scanning in 37 ms. Found 0 Redis repository interfaces.
2023-01-26 14:19:59 INFO [com.example.yin.YinMusicApplicationTests]: Started YinMusicApplicationTests in 6.951 seconds (JVM running for 9.916)
2023-01-26 14:20:00 INFO [com.zaxxer.hikari.HikariDataSource]: HikariPool-1 - Starting...
2023-01-26 14:20:00 INFO [com.zaxxer.hikari.HikariDataSource]: HikariPool-1 - Start completed.
2023-01-26 14:20:00 INFO [com.zaxxer.hikari.HikariDataSource]: HikariPool-1 - Shutdown initiated...
2023-01-26 14:20:00 INFO [com.zaxxer.hikari.HikariDataSource]: HikariPool-1 - Shutdown completed.
2023-01-26 14:25:26 INFO [org.springframework.boot.test.context.SpringBootTestContextBootstrapper]: Neither @ContextConfiguration nor @ContextHierarchy found for test class [com.example.yin.YinMusicApplicationTests], using SpringBootContextLoader
2023-01-26 14:25:26 INFO [org.springframework.test.context.support.AbstractContextLoader]: Could not detect default resource locations for test class [com.example.yin.YinMusicApplicationTests]: no resource found for suffixes {-context.xml, Context.groovy}.
2023-01-26 14:25:26 INFO [org.springframework.test.context.support.AnnotationConfigContextLoaderUtils]: Could not detect default configuration classes for test class [com.example.yin.YinMusicApplicationTests]: YinMusicApplicationTests does not declare any static, non-private, non-final, nested classes annotated with @Configuration.
2023-01-26 14:25:26 INFO [org.springframework.boot.test.context.SpringBootTestContextBootstrapper]: Found @SpringBootConfiguration com.example.yin.YinMusicApplication for test class com.example.yin.YinMusicApplicationTests
2023-01-26 14:25:26 INFO [org.springframework.boot.test.context.SpringBootTestContextBootstrapper]: Loaded default TestExecutionListener class names from location [META-INF/spring.factories]: [org.springframework.boot.test.mock.mockito.MockitoTestExecutionListener, org.springframework.boot.test.mock.mockito.ResetMocksTestExecutionListener, org.springframework.boot.test.autoconfigure.restdocs.RestDocsTestExecutionListener, org.springframework.boot.test.autoconfigure.web.client.MockRestServiceServerResetTestExecutionListener, org.springframework.boot.test.autoconfigure.web.servlet.MockMvcPrintOnlyOnFailureTestExecutionListener, org.springframework.boot.test.autoconfigure.web.servlet.WebDriverTestExecutionListener, org.springframework.boot.test.autoconfigure.webservices.client.MockWebServiceServerTestExecutionListener, org.springframework.test.context.web.ServletTestExecutionListener, org.springframework.test.context.support.DirtiesContextBeforeModesTestExecutionListener, org.springframework.test.context.event.ApplicationEventsTestExecutionListener, org.springframework.test.context.support.DependencyInjectionTestExecutionListener, org.springframework.test.context.support.DirtiesContextTestExecutionListener, org.springframework.test.context.transaction.TransactionalTestExecutionListener, org.springframework.test.context.jdbc.SqlScriptsTestExecutionListener, org.springframework.test.context.event.EventPublishingTestExecutionListener]
2023-01-26 14:25:26 INFO [org.springframework.boot.test.context.SpringBootTestContextBootstrapper]: Using TestExecutionListeners: [org.springframework.test.context.web.ServletTestExecutionListener@1efe439d, org.springframework.test.context.support.DirtiesContextBeforeModesTestExecutionListener@be68757, org.springframework.test.context.event.ApplicationEventsTestExecutionListener@7d446ed1, org.springframework.boot.test.mock.mockito.MockitoTestExecutionListener@12d2ce03, org.springframework.boot.test.autoconfigure.SpringBootDependencyInjectionTestExecutionListener@7e5c856f, org.springframework.test.context.support.DirtiesContextTestExecutionListener@413f69cc, org.springframework.test.context.transaction.TransactionalTestExecutionListener@1f53a5dc, org.springframework.test.context.jdbc.SqlScriptsTestExecutionListener@1b75c2e3, org.springframework.test.context.event.EventPublishingTestExecutionListener@1984b1f, org.springframework.boot.test.mock.mockito.ResetMocksTestExecutionListener@3bd323e9, org.springframework.boot.test.autoconfigure.restdocs.RestDocsTestExecutionListener@39ac0c0a, org.springframework.boot.test.autoconfigure.web.client.MockRestServiceServerResetTestExecutionListener@c7ba306, org.springframework.boot.test.autoconfigure.web.servlet.MockMvcPrintOnlyOnFailureTestExecutionListener@4ff8d125, org.springframework.boot.test.autoconfigure.web.servlet.WebDriverTestExecutionListener@6d167f58, org.springframework.boot.test.autoconfigure.webservices.client.MockWebServiceServerTestExecutionListener@3403e2ac]
2023-01-26 14:25:26 INFO [com.example.yin.YinMusicApplicationTests]: Starting YinMusicApplicationTests using Java 1.8.0_201 on LAPTOP-KHDN7OPL with PID 11080 (started by ASUS in E:\AJ'S MUSICOM\music-website)
2023-01-26 14:25:26 INFO [com.example.yin.YinMusicApplicationTests]: The following profiles are active: dev
2023-01-26 14:25:28 INFO [org.springframework.data.repository.config.RepositoryConfigurationDelegate]: Multiple Spring Data modules found, entering strict repository configuration mode!
2023-01-26 14:25:28 INFO [org.springframework.data.repository.config.RepositoryConfigurationDelegate]: Bootstrapping Spring Data Redis repositories in DEFAULT mode.
2023-01-26 14:25:28 INFO [org.springframework.data.repository.config.RepositoryConfigurationDelegate]: Finished Spring Data repository scanning in 15 ms. Found 0 Redis repository interfaces.
2023-01-26 14:25:32 INFO [com.example.yin.YinMusicApplicationTests]: Started YinMusicApplicationTests in 5.601 seconds (JVM running for 7.618)
2023-01-26 14:25:32 INFO [com.zaxxer.hikari.HikariDataSource]: HikariPool-1 - Starting...
2023-01-26 14:25:32 INFO [com.zaxxer.hikari.HikariDataSource]: HikariPool-1 - Start completed.
2023-01-26 14:25:32 INFO [com.zaxxer.hikari.HikariDataSource]: HikariPool-1 - Shutdown initiated...
2023-01-26 14:25:32 INFO [com.zaxxer.hikari.HikariDataSource]: HikariPool-1 - Shutdown completed.
2023-01-26 14:26:29 INFO [org.springframework.boot.test.context.SpringBootTestContextBootstrapper]: Neither @ContextConfiguration nor @ContextHierarchy found for test class [com.example.yin.YinMusicApplicationTests], using SpringBootContextLoader
2023-01-26 14:26:29 INFO [org.springframework.test.context.support.AbstractContextLoader]: Could not detect default resource locations for test class [com.example.yin.YinMusicApplicationTests]: no resource found for suffixes {-context.xml, Context.groovy}.
2023-01-26 14:26:29 INFO [org.springframework.test.context.support.AnnotationConfigContextLoaderUtils]: Could not detect default configuration classes for test class [com.example.yin.YinMusicApplicationTests]: YinMusicApplicationTests does not declare any static, non-private, non-final, nested classes annotated with @Configuration.
2023-01-26 14:26:30 INFO [org.springframework.boot.test.context.SpringBootTestContextBootstrapper]: Found @SpringBootConfiguration com.example.yin.YinMusicApplication for test class com.example.yin.YinMusicApplicationTests
2023-01-26 14:26:30 INFO [org.springframework.boot.test.context.SpringBootTestContextBootstrapper]: Loaded default TestExecutionListener class names from location [META-INF/spring.factories]: [org.springframework.boot.test.mock.mockito.MockitoTestExecutionListener, org.springframework.boot.test.mock.mockito.ResetMocksTestExecutionListener, org.springframework.boot.test.autoconfigure.restdocs.RestDocsTestExecutionListener, org.springframework.boot.test.autoconfigure.web.client.MockRestServiceServerResetTestExecutionListener, org.springframework.boot.test.autoconfigure.web.servlet.MockMvcPrintOnlyOnFailureTestExecutionListener, org.springframework.boot.test.autoconfigure.web.servlet.WebDriverTestExecutionListener, org.springframework.boot.test.autoconfigure.webservices.client.MockWebServiceServerTestExecutionListener, org.springframework.test.context.web.ServletTestExecutionListener, org.springframework.test.context.support.DirtiesContextBeforeModesTestExecutionListener, org.springframework.test.context.event.ApplicationEventsTestExecutionListener, org.springframework.test.context.support.DependencyInjectionTestExecutionListener, org.springframework.test.context.support.DirtiesContextTestExecutionListener, org.springframework.test.context.transaction.TransactionalTestExecutionListener, org.springframework.test.context.jdbc.SqlScriptsTestExecutionListener, org.springframework.test.context.event.EventPublishingTestExecutionListener]
2023-01-26 14:26:30 INFO [org.springframework.boot.test.context.SpringBootTestContextBootstrapper]: Using TestExecutionListeners: [org.springframework.test.context.web.ServletTestExecutionListener@1efe439d, org.springframework.test.context.support.DirtiesContextBeforeModesTestExecutionListener@be68757, org.springframework.test.context.event.ApplicationEventsTestExecutionListener@7d446ed1, org.springframework.boot.test.mock.mockito.MockitoTestExecutionListener@12d2ce03, org.springframework.boot.test.autoconfigure.SpringBootDependencyInjectionTestExecutionListener@7e5c856f, org.springframework.test.context.support.DirtiesContextTestExecutionListener@413f69cc, org.springframework.test.context.transaction.TransactionalTestExecutionListener@1f53a5dc, org.springframework.test.context.jdbc.SqlScriptsTestExecutionListener@1b75c2e3, org.springframework.test.context.event.EventPublishingTestExecutionListener@1984b1f, org.springframework.boot.test.mock.mockito.ResetMocksTestExecutionListener@3bd323e9, org.springframework.boot.test.autoconfigure.restdocs.RestDocsTestExecutionListener@39ac0c0a, org.springframework.boot.test.autoconfigure.web.client.MockRestServiceServerResetTestExecutionListener@c7ba306, org.springframework.boot.test.autoconfigure.web.servlet.MockMvcPrintOnlyOnFailureTestExecutionListener@4ff8d125, org.springframework.boot.test.autoconfigure.web.servlet.WebDriverTestExecutionListener@6d167f58, org.springframework.boot.test.autoconfigure.webservices.client.MockWebServiceServerTestExecutionListener@3403e2ac]
2023-01-26 14:26:30 INFO [com.example.yin.YinMusicApplicationTests]: Starting YinMusicApplicationTests using Java 1.8.0_201 on LAPTOP-KHDN7OPL with PID 22376 (started by ASUS in E:\AJ'S MUSICOM\music-website)
2023-01-26 14:26:30 INFO [com.example.yin.YinMusicApplicationTests]: The following profiles are active: dev
2023-01-26 14:26:31 INFO [org.springframework.data.repository.config.RepositoryConfigurationDelegate]: Multiple Spring Data modules found, entering strict repository configuration mode!
2023-01-26 14:26:31 INFO [org.springframework.data.repository.config.RepositoryConfigurationDelegate]: Bootstrapping Spring Data Redis repositories in DEFAULT mode.
2023-01-26 14:26:31 INFO [org.springframework.data.repository.config.RepositoryConfigurationDelegate]: Finished Spring Data repository scanning in 21 ms. Found 0 Redis repository interfaces.
2023-01-26 14:26:35 INFO [com.example.yin.YinMusicApplicationTests]: Started YinMusicApplicationTests in 5.218 seconds (JVM running for 6.884)
2023-01-26 14:26:35 INFO [com.zaxxer.hikari.HikariDataSource]: HikariPool-1 - Starting...
2023-01-26 14:26:36 INFO [com.zaxxer.hikari.HikariDataSource]: HikariPool-1 - Start completed.
2023-01-26 14:26:36 INFO [com.zaxxer.hikari.HikariDataSource]: HikariPool-1 - Shutdown initiated...
2023-01-26 14:26:36 INFO [com.zaxxer.hikari.HikariDataSource]: HikariPool-1 - Shutdown completed.
2023-01-26 14:26:51 INFO [com.example.yin.YinMusicApplication]: Starting YinMusicApplication using Java 1.8.0_201 on LAPTOP-KHDN7OPL with PID 13092 (E:\AJ'S MUSICOM\music-website\music-server\target\classes started by ASUS in E:\AJ'S MUSICOM\music-website)
2023-01-26 14:26:51 INFO [com.example.yin.YinMusicApplication]: The following profiles are active: dev
2023-01-26 14:26:51 INFO [org.springframework.boot.devtools.env.DevToolsPropertyDefaultsPostProcessor]: Devtools property defaults active! Set 'spring.devtools.add-properties' to 'false' to disable
2023-01-26 14:26:51 INFO [org.springframework.boot.devtools.env.DevToolsPropertyDefaultsPostProcessor]: For additional web related logging consider setting the 'logging.level.web' property to 'DEBUG'
2023-01-26 14:26:52 INFO [org.springframework.data.repository.config.RepositoryConfigurationDelegate]: Multiple Spring Data modules found, entering strict repository configuration mode!
2023-01-26 14:26:52 INFO [org.springframework.data.repository.config.RepositoryConfigurationDelegate]: Bootstrapping Spring Data Redis repositories in DEFAULT mode.
2023-01-26 14:26:52 INFO [org.springframework.data.repository.config.RepositoryConfigurationDelegate]: Finished Spring Data repository scanning in 14 ms. Found 0 Redis repository interfaces.
2023-01-26 14:26:54 INFO [org.springframework.boot.web.embedded.tomcat.TomcatWebServer]: Tomcat initialized with port(s): 8080 (http)
2023-01-26 14:26:54 INFO [org.springframework.boot.web.servlet.context.ServletWebServerApplicationContext]: Root WebApplicationContext: initialization completed in 2604 ms
2023-01-26 14:26:54 INFO [org.springframework.boot.devtools.autoconfigure.OptionalLiveReloadServer]: LiveReload server is running on port 35729
2023-01-26 14:26:54 WARN [org.springframework.boot.web.servlet.context.AnnotationConfigServletWebServerApplicationContext]: Exception encountered during context initialization - cancelling refresh attempt: org.springframework.context.ApplicationContextException: Failed to start bean 'webServerStartStop'; nested exception is org.springframework.boot.web.server.PortInUseException: Port 8080 is already in use
2023-01-26 14:26:54 INFO [org.springframework.boot.autoconfigure.logging.ConditionEvaluationReportLoggingListener]: 

Error starting ApplicationContext. To display the conditions report re-run your application with 'debug' enabled.
2023-01-26 14:26:54 ERROR [org.springframework.boot.diagnostics.LoggingFailureAnalysisReporter]: 

***************************
APPLICATION FAILED TO START
***************************

Description:

Web server failed to start. Port 8080 was already in use.

Action:

Identify and stop the process that's listening on port 8080 or configure this application to listen on another port.

2023-01-26 14:38:23 INFO [com.example.yin.YinMusicApplication]: Starting YinMusicApplication using Java 1.8.0_201 on LAPTOP-KHDN7OPL with PID 20816 (E:\AJ'S MUSICOM\music-website\music-server\target\classes started by ASUS in E:\AJ'S MUSICOM\music-website)
2023-01-26 14:38:23 INFO [com.example.yin.YinMusicApplication]: The following profiles are active: dev
2023-01-26 14:38:23 INFO [org.springframework.boot.devtools.env.DevToolsPropertyDefaultsPostProcessor]: Devtools property defaults active! Set 'spring.devtools.add-properties' to 'false' to disable
2023-01-26 14:38:23 INFO [org.springframework.boot.devtools.env.DevToolsPropertyDefaultsPostProcessor]: For additional web related logging consider setting the 'logging.level.web' property to 'DEBUG'
2023-01-26 14:38:24 INFO [org.springframework.data.repository.config.RepositoryConfigurationDelegate]: Multiple Spring Data modules found, entering strict repository configuration mode!
2023-01-26 14:38:24 INFO [org.springframework.data.repository.config.RepositoryConfigurationDelegate]: Bootstrapping Spring Data Redis repositories in DEFAULT mode.
2023-01-26 14:38:24 INFO [org.springframework.data.repository.config.RepositoryConfigurationDelegate]: Finished Spring Data repository scanning in 14 ms. Found 0 Redis repository interfaces.
2023-01-26 14:38:26 INFO [org.springframework.boot.web.embedded.tomcat.TomcatWebServer]: Tomcat initialized with port(s): 8080 (http)
2023-01-26 14:38:26 INFO [org.springframework.boot.web.servlet.context.ServletWebServerApplicationContext]: Root WebApplicationContext: initialization completed in 2494 ms
2023-01-26 14:38:27 INFO [org.springframework.boot.devtools.autoconfigure.OptionalLiveReloadServer]: LiveReload server is running on port 35729
2023-01-26 14:38:27 INFO [org.springframework.boot.web.embedded.tomcat.TomcatWebServer]: Tomcat started on port(s): 8080 (http) with context path ''
2023-01-26 14:38:27 INFO [com.example.yin.YinMusicApplication]: Started YinMusicApplication in 3.581 seconds (JVM running for 4.65)
2023-01-26 14:38:39 INFO [com.example.yin.YinMusicApplication]: Starting YinMusicApplication using Java 1.8.0_201 on LAPTOP-KHDN7OPL with PID 13680 (E:\AJ'S MUSICOM\music-website\music-server\target\classes started by ASUS in E:\AJ'S MUSICOM\music-website)
2023-01-26 14:38:39 INFO [com.example.yin.YinMusicApplication]: The following profiles are active: dev
2023-01-26 14:38:39 INFO [org.springframework.boot.devtools.env.DevToolsPropertyDefaultsPostProcessor]: Devtools property defaults active! Set 'spring.devtools.add-properties' to 'false' to disable
2023-01-26 14:38:39 INFO [org.springframework.boot.devtools.env.DevToolsPropertyDefaultsPostProcessor]: For additional web related logging consider setting the 'logging.level.web' property to 'DEBUG'
2023-01-26 14:38:40 INFO [org.springframework.data.repository.config.RepositoryConfigurationDelegate]: Multiple Spring Data modules found, entering strict repository configuration mode!
2023-01-26 14:38:40 INFO [org.springframework.data.repository.config.RepositoryConfigurationDelegate]: Bootstrapping Spring Data Redis repositories in DEFAULT mode.
2023-01-26 14:38:40 INFO [org.springframework.data.repository.config.RepositoryConfigurationDelegate]: Finished Spring Data repository scanning in 12 ms. Found 0 Redis repository interfaces.
2023-01-26 14:38:42 INFO [org.springframework.boot.web.embedded.tomcat.TomcatWebServer]: Tomcat initialized with port(s): 8080 (http)
2023-01-26 14:38:42 INFO [org.springframework.boot.web.servlet.context.ServletWebServerApplicationContext]: Root WebApplicationContext: initialization completed in 2385 ms
2023-01-26 14:38:43 INFO [org.springframework.boot.devtools.autoconfigure.OptionalLiveReloadServer]: LiveReload server is running on port 35729
2023-01-26 14:38:43 INFO [org.springframework.boot.web.embedded.tomcat.TomcatWebServer]: Tomcat started on port(s): 8080 (http) with context path ''
2023-01-26 14:38:43 INFO [com.example.yin.YinMusicApplication]: Started YinMusicApplication in 3.442 seconds (JVM running for 4.782)
2023-01-26 14:39:57 INFO [org.springframework.web.servlet.DispatcherServlet]: Initializing Servlet 'dispatcherServlet'
2023-01-26 14:39:57 INFO [org.springframework.web.servlet.DispatcherServlet]: Completed initialization in 6 ms
2023-01-26 14:39:57 INFO [com.zaxxer.hikari.HikariDataSource]: HikariPool-1 - Starting...
2023-01-26 14:39:58 INFO [com.zaxxer.hikari.HikariDataSource]: HikariPool-1 - Start completed.
2023-01-26 14:41:44 WARN [org.springframework.web.servlet.mvc.support.DefaultHandlerExceptionResolver]: Resolved [org.springframework.web.bind.MissingServletRequestParameterException: Required request parameter 'consumerId' for method parameter type Long is present but converted to null]
2023-01-26 14:51:18 WARN [com.zaxxer.hikari.pool.HikariPool]: HikariPool-1 - Thread starvation or clock leap detected (housekeeper delta=1m20s650ms194µs700ns).
