2022-11-06 16:37:53 INFO [com.example.yin.YinMusicApplication]: Starting YinMusicApplication using Java 1.8.0_201 on LAPTOP-KHDN7OPL with PID 14740 (E:\AJ'S MUSICOM\music-website\music-server\target\classes started by ASUS in E:\AJ'S MUSICOM\music-website)
2022-11-06 16:37:53 INFO [com.example.yin.YinMusicApplication]: The following profiles are active: dev
2022-11-06 16:37:53 INFO [org.springframework.boot.devtools.env.DevToolsPropertyDefaultsPostProcessor]: Devtools property defaults active! Set 'spring.devtools.add-properties' to 'false' to disable
2022-11-06 16:37:53 INFO [org.springframework.boot.devtools.env.DevToolsPropertyDefaultsPostProcessor]: For additional web related logging consider setting the 'logging.level.web' property to 'DEBUG'
2022-11-06 16:37:55 INFO [org.springframework.data.repository.config.RepositoryConfigurationDelegate]: Multiple Spring Data modules found, entering strict repository configuration mode!
2022-11-06 16:37:55 INFO [org.springframework.data.repository.config.RepositoryConfigurationDelegate]: Bootstrapping Spring Data Redis repositories in DEFAULT mode.
2022-11-06 16:37:55 INFO [org.springframework.data.repository.config.RepositoryConfigurationDelegate]: Finished Spring Data repository scanning in 26 ms. Found 0 Redis repository interfaces.
2022-11-06 16:37:57 INFO [org.springframework.boot.web.embedded.tomcat.TomcatWebServer]: Tomcat initialized with port(s): 8888 (http)
2022-11-06 16:37:57 INFO [org.springframework.boot.web.servlet.context.ServletWebServerApplicationContext]: Root WebApplicationContext: initialization completed in 4118 ms
2022-11-06 16:37:59 INFO [org.springframework.boot.devtools.autoconfigure.OptionalLiveReloadServer]: LiveReload server is running on port 35729
2022-11-06 16:38:00 INFO [org.springframework.boot.web.embedded.tomcat.TomcatWebServer]: Tomcat started on port(s): 8888 (http) with context path ''
2022-11-06 16:38:00 INFO [com.example.yin.YinMusicApplication]: Started YinMusicApplication in 7.311 seconds (JVM running for 9.176)
2022-11-06 16:38:38 INFO [com.example.yin.YinMusicApplication]: Starting YinMusicApplication using Java 1.8.0_201 on LAPTOP-KHDN7OPL with PID 13632 (E:\AJ'S MUSICOM\music-website\music-server\target\classes started by ASUS in E:\AJ'S MUSICOM\music-website)
2022-11-06 16:38:38 INFO [com.example.yin.YinMusicApplication]: The following profiles are active: dev
2022-11-06 16:38:38 INFO [org.springframework.boot.devtools.env.DevToolsPropertyDefaultsPostProcessor]: Devtools property defaults active! Set 'spring.devtools.add-properties' to 'false' to disable
2022-11-06 16:38:38 INFO [org.springframework.boot.devtools.env.DevToolsPropertyDefaultsPostProcessor]: For additional web related logging consider setting the 'logging.level.web' property to 'DEBUG'
2022-11-06 16:38:39 INFO [org.springframework.data.repository.config.RepositoryConfigurationDelegate]: Multiple Spring Data modules found, entering strict repository configuration mode!
2022-11-06 16:38:39 INFO [org.springframework.data.repository.config.RepositoryConfigurationDelegate]: Bootstrapping Spring Data Redis repositories in DEFAULT mode.
2022-11-06 16:38:39 INFO [org.springframework.data.repository.config.RepositoryConfigurationDelegate]: Finished Spring Data repository scanning in 21 ms. Found 0 Redis repository interfaces.
2022-11-06 16:38:41 INFO [org.springframework.boot.web.embedded.tomcat.TomcatWebServer]: Tomcat initialized with port(s): 8888 (http)
2022-11-06 16:38:41 INFO [org.springframework.boot.web.servlet.context.ServletWebServerApplicationContext]: Root WebApplicationContext: initialization completed in 2773 ms
2022-11-06 16:38:42 INFO [org.springframework.boot.devtools.autoconfigure.OptionalLiveReloadServer]: LiveReload server is running on port 35729
2022-11-06 16:38:42 INFO [org.springframework.boot.web.embedded.tomcat.TomcatWebServer]: Tomcat started on port(s): 8888 (http) with context path ''
2022-11-06 16:38:42 INFO [com.example.yin.YinMusicApplication]: Started YinMusicApplication in 4.244 seconds (JVM running for 5.857)
2022-11-06 16:41:49 INFO [org.springframework.web.servlet.DispatcherServlet]: Initializing Servlet 'dispatcherServlet'
2022-11-06 16:41:49 INFO [org.springframework.web.servlet.DispatcherServlet]: Completed initialization in 3 ms
2022-11-06 16:41:49 WARN [org.springframework.web.servlet.PageNotFound]: No mapping for GET /
2022-11-06 16:41:49 WARN [org.springframework.web.servlet.PageNotFound]: No mapping for GET /favicon.ico
2022-11-06 16:42:00 WARN [org.springframework.web.servlet.PageNotFound]: No mapping for GET /admin
2022-11-06 16:47:40 INFO [com.example.yin.YinMusicApplication]: Starting YinMusicApplication using Java 1.8.0_201 on LAPTOP-KHDN7OPL with PID 20720 (E:\AJ'S MUSICOM\music-website\music-server\target\classes started by ASUS in E:\AJ'S MUSICOM\music-website)
2022-11-06 16:47:40 INFO [com.example.yin.YinMusicApplication]: The following profiles are active: dev
2022-11-06 16:47:40 INFO [org.springframework.boot.devtools.env.DevToolsPropertyDefaultsPostProcessor]: Devtools property defaults active! Set 'spring.devtools.add-properties' to 'false' to disable
2022-11-06 16:47:40 INFO [org.springframework.boot.devtools.env.DevToolsPropertyDefaultsPostProcessor]: For additional web related logging consider setting the 'logging.level.web' property to 'DEBUG'
2022-11-06 16:47:41 INFO [org.springframework.data.repository.config.RepositoryConfigurationDelegate]: Multiple Spring Data modules found, entering strict repository configuration mode!
2022-11-06 16:47:41 INFO [org.springframework.data.repository.config.RepositoryConfigurationDelegate]: Bootstrapping Spring Data Redis repositories in DEFAULT mode.
2022-11-06 16:47:41 INFO [org.springframework.data.repository.config.RepositoryConfigurationDelegate]: Finished Spring Data repository scanning in 13 ms. Found 0 Redis repository interfaces.
2022-11-06 16:47:42 INFO [org.springframework.boot.web.embedded.tomcat.TomcatWebServer]: Tomcat initialized with port(s): 8888 (http)
2022-11-06 16:47:42 INFO [org.springframework.boot.web.servlet.context.ServletWebServerApplicationContext]: Root WebApplicationContext: initialization completed in 2266 ms
2022-11-06 16:47:43 INFO [org.springframework.boot.devtools.autoconfigure.OptionalLiveReloadServer]: LiveReload server is running on port 35729
2022-11-06 16:47:43 INFO [org.springframework.boot.web.embedded.tomcat.TomcatWebServer]: Tomcat started on port(s): 8888 (http) with context path ''
2022-11-06 16:47:43 INFO [com.example.yin.YinMusicApplication]: Started YinMusicApplication in 3.39 seconds (JVM running for 4.563)
2022-11-06 16:49:22 INFO [org.springframework.web.servlet.DispatcherServlet]: Initializing Servlet 'dispatcherServlet'
2022-11-06 16:49:22 INFO [org.springframework.web.servlet.DispatcherServlet]: Completed initialization in 34 ms
2022-11-06 16:49:22 WARN [org.springframework.web.servlet.mvc.support.DefaultHandlerExceptionResolver]: Resolved [org.springframework.web.HttpRequestMethodNotSupportedException: Request method 'GET' not supported]
2022-11-06 16:57:45 INFO [com.example.yin.YinMusicApplication]: Starting YinMusicApplication using Java 1.8.0_201 on LAPTOP-KHDN7OPL with PID 18584 (E:\AJ'S MUSICOM\music-website\music-server\target\classes started by ASUS in E:\AJ'S MUSICOM\music-website)
2022-11-06 16:57:45 INFO [com.example.yin.YinMusicApplication]: The following profiles are active: dev
2022-11-06 16:57:45 INFO [org.springframework.boot.devtools.env.DevToolsPropertyDefaultsPostProcessor]: Devtools property defaults active! Set 'spring.devtools.add-properties' to 'false' to disable
2022-11-06 16:57:45 INFO [org.springframework.boot.devtools.env.DevToolsPropertyDefaultsPostProcessor]: For additional web related logging consider setting the 'logging.level.web' property to 'DEBUG'
2022-11-06 16:57:46 INFO [org.springframework.data.repository.config.RepositoryConfigurationDelegate]: Multiple Spring Data modules found, entering strict repository configuration mode!
2022-11-06 16:57:46 INFO [org.springframework.data.repository.config.RepositoryConfigurationDelegate]: Bootstrapping Spring Data Redis repositories in DEFAULT mode.
2022-11-06 16:57:46 INFO [org.springframework.data.repository.config.RepositoryConfigurationDelegate]: Finished Spring Data repository scanning in 11 ms. Found 0 Redis repository interfaces.
2022-11-06 16:57:48 INFO [org.springframework.boot.web.embedded.tomcat.TomcatWebServer]: Tomcat initialized with port(s): 8888 (http)
2022-11-06 16:57:48 INFO [org.springframework.boot.web.servlet.context.ServletWebServerApplicationContext]: Root WebApplicationContext: initialization completed in 2802 ms
2022-11-06 16:57:49 INFO [org.springframework.boot.devtools.autoconfigure.OptionalLiveReloadServer]: LiveReload server is running on port 35729
2022-11-06 16:57:49 INFO [org.springframework.boot.web.embedded.tomcat.TomcatWebServer]: Tomcat started on port(s): 8888 (http) with context path ''
2022-11-06 16:57:49 INFO [com.example.yin.YinMusicApplication]: Started YinMusicApplication in 4.255 seconds (JVM running for 6.142)
2022-11-06 17:03:48 INFO [org.springframework.web.servlet.DispatcherServlet]: Initializing Servlet 'dispatcherServlet'
2022-11-06 17:03:48 INFO [org.springframework.web.servlet.DispatcherServlet]: Completed initialization in 29 ms
2022-11-06 17:03:49 INFO [com.zaxxer.hikari.HikariDataSource]: HikariPool-1 - Starting...
2022-11-06 17:03:49 INFO [com.zaxxer.hikari.HikariDataSource]: HikariPool-1 - Start completed.
2022-11-06 17:08:25 WARN [com.zaxxer.hikari.pool.HikariPool]: HikariPool-1 - Thread starvation or clock leap detected (housekeeper delta=1m35s409ms394µs300ns).
2022-11-06 17:11:01 INFO [com.zaxxer.hikari.HikariDataSource]: HikariPool-1 - Shutdown initiated...
2022-11-06 17:11:01 INFO [com.zaxxer.hikari.HikariDataSource]: HikariPool-1 - Shutdown completed.
2022-11-06 17:11:11 INFO [com.example.yin.YinMusicApplication]: Starting YinMusicApplication using Java 1.8.0_201 on LAPTOP-KHDN7OPL with PID 11392 (E:\AJ'S MUSICOM\music-website\music-server\target\classes started by ASUS in E:\AJ'S MUSICOM\music-website)
2022-11-06 17:11:11 INFO [com.example.yin.YinMusicApplication]: The following profiles are active: dev
2022-11-06 17:11:11 INFO [org.springframework.boot.devtools.env.DevToolsPropertyDefaultsPostProcessor]: Devtools property defaults active! Set 'spring.devtools.add-properties' to 'false' to disable
2022-11-06 17:11:11 INFO [org.springframework.boot.devtools.env.DevToolsPropertyDefaultsPostProcessor]: For additional web related logging consider setting the 'logging.level.web' property to 'DEBUG'
2022-11-06 17:11:12 INFO [org.springframework.data.repository.config.RepositoryConfigurationDelegate]: Multiple Spring Data modules found, entering strict repository configuration mode!
2022-11-06 17:11:12 INFO [org.springframework.data.repository.config.RepositoryConfigurationDelegate]: Bootstrapping Spring Data Redis repositories in DEFAULT mode.
2022-11-06 17:11:12 INFO [org.springframework.data.repository.config.RepositoryConfigurationDelegate]: Finished Spring Data repository scanning in 12 ms. Found 0 Redis repository interfaces.
2022-11-06 17:11:18 INFO [org.springframework.boot.web.embedded.tomcat.TomcatWebServer]: Tomcat initialized with port(s): 8888 (http)
2022-11-06 17:11:18 INFO [org.springframework.boot.web.servlet.context.ServletWebServerApplicationContext]: Root WebApplicationContext: initialization completed in 7749 ms
2022-11-06 17:11:19 INFO [org.springframework.boot.devtools.autoconfigure.OptionalLiveReloadServer]: LiveReload server is running on port 35729
2022-11-06 17:11:19 INFO [org.springframework.boot.web.embedded.tomcat.TomcatWebServer]: Tomcat started on port(s): 8888 (http) with context path ''
2022-11-06 17:11:19 INFO [com.example.yin.YinMusicApplication]: Started YinMusicApplication in 9.807 seconds (JVM running for 15.306)
2022-11-06 17:14:17 INFO [org.springframework.web.servlet.DispatcherServlet]: Initializing Servlet 'dispatcherServlet'
2022-11-06 17:14:17 INFO [org.springframework.web.servlet.DispatcherServlet]: Completed initialization in 1 ms
2022-11-06 17:14:17 INFO [com.zaxxer.hikari.HikariDataSource]: HikariPool-1 - Starting...
2022-11-06 17:14:17 INFO [com.zaxxer.hikari.HikariDataSource]: HikariPool-1 - Start completed.
2022-11-06 17:19:38 INFO [com.zaxxer.hikari.HikariDataSource]: HikariPool-1 - Shutdown initiated...
2022-11-06 17:19:38 INFO [com.zaxxer.hikari.HikariDataSource]: HikariPool-1 - Shutdown completed.
2022-11-06 17:19:49 INFO [com.example.yin.YinMusicApplication]: Starting YinMusicApplication using Java 1.8.0_201 on LAPTOP-KHDN7OPL with PID 11280 (E:\AJ'S MUSICOM\music-website\music-server\target\classes started by ASUS in E:\AJ'S MUSICOM\music-website)
2022-11-06 17:19:49 INFO [com.example.yin.YinMusicApplication]: The following profiles are active: dev
2022-11-06 17:19:49 INFO [org.springframework.boot.devtools.env.DevToolsPropertyDefaultsPostProcessor]: Devtools property defaults active! Set 'spring.devtools.add-properties' to 'false' to disable
2022-11-06 17:19:49 INFO [org.springframework.boot.devtools.env.DevToolsPropertyDefaultsPostProcessor]: For additional web related logging consider setting the 'logging.level.web' property to 'DEBUG'
2022-11-06 17:19:53 INFO [org.springframework.data.repository.config.RepositoryConfigurationDelegate]: Multiple Spring Data modules found, entering strict repository configuration mode!
2022-11-06 17:19:53 INFO [org.springframework.data.repository.config.RepositoryConfigurationDelegate]: Bootstrapping Spring Data Redis repositories in DEFAULT mode.
2022-11-06 17:19:53 INFO [org.springframework.data.repository.config.RepositoryConfigurationDelegate]: Finished Spring Data repository scanning in 140 ms. Found 0 Redis repository interfaces.
2022-11-06 17:19:56 INFO [org.springframework.boot.web.embedded.tomcat.TomcatWebServer]: Tomcat initialized with port(s): 8888 (http)
2022-11-06 17:19:56 INFO [org.springframework.boot.web.servlet.context.ServletWebServerApplicationContext]: Root WebApplicationContext: initialization completed in 7542 ms
2022-11-06 17:19:57 INFO [org.springframework.boot.devtools.autoconfigure.OptionalLiveReloadServer]: LiveReload server is running on port 35729
2022-11-06 17:19:57 INFO [org.springframework.boot.web.embedded.tomcat.TomcatWebServer]: Tomcat started on port(s): 8888 (http) with context path ''
2022-11-06 17:19:57 INFO [com.example.yin.YinMusicApplication]: Started YinMusicApplication in 9.167 seconds (JVM running for 11.34)
2022-11-06 17:20:03 INFO [org.springframework.web.servlet.DispatcherServlet]: Initializing Servlet 'dispatcherServlet'
2022-11-06 17:20:03 INFO [org.springframework.web.servlet.DispatcherServlet]: Completed initialization in 2 ms
2022-11-06 17:20:10 INFO [com.zaxxer.hikari.HikariDataSource]: HikariPool-1 - Starting...
2022-11-06 17:20:10 INFO [com.zaxxer.hikari.HikariDataSource]: HikariPool-1 - Start completed.
2022-11-06 17:27:15 INFO [com.zaxxer.hikari.HikariDataSource]: HikariPool-1 - Shutdown initiated...
2022-11-06 17:27:15 INFO [com.zaxxer.hikari.HikariDataSource]: HikariPool-1 - Shutdown completed.
2022-11-06 17:27:24 INFO [com.example.yin.YinMusicApplication]: Starting YinMusicApplication using Java 1.8.0_201 on LAPTOP-KHDN7OPL with PID 10116 (E:\AJ'S MUSICOM\music-website\music-server\target\classes started by ASUS in E:\AJ'S MUSICOM\music-website)
2022-11-06 17:27:24 INFO [com.example.yin.YinMusicApplication]: The following profiles are active: dev
2022-11-06 17:27:24 INFO [org.springframework.boot.devtools.env.DevToolsPropertyDefaultsPostProcessor]: Devtools property defaults active! Set 'spring.devtools.add-properties' to 'false' to disable
2022-11-06 17:27:24 INFO [org.springframework.boot.devtools.env.DevToolsPropertyDefaultsPostProcessor]: For additional web related logging consider setting the 'logging.level.web' property to 'DEBUG'
2022-11-06 17:27:25 INFO [org.springframework.data.repository.config.RepositoryConfigurationDelegate]: Multiple Spring Data modules found, entering strict repository configuration mode!
2022-11-06 17:27:25 INFO [org.springframework.data.repository.config.RepositoryConfigurationDelegate]: Bootstrapping Spring Data Redis repositories in DEFAULT mode.
2022-11-06 17:27:25 INFO [org.springframework.data.repository.config.RepositoryConfigurationDelegate]: Finished Spring Data repository scanning in 18 ms. Found 0 Redis repository interfaces.
2022-11-06 17:27:31 INFO [org.springframework.boot.web.embedded.tomcat.TomcatWebServer]: Tomcat initialized with port(s): 8888 (http)
2022-11-06 17:27:31 INFO [org.springframework.boot.web.servlet.context.ServletWebServerApplicationContext]: Root WebApplicationContext: initialization completed in 6965 ms
2022-11-06 17:27:32 INFO [org.springframework.boot.devtools.autoconfigure.OptionalLiveReloadServer]: LiveReload server is running on port 35729
2022-11-06 17:27:32 INFO [org.springframework.boot.web.embedded.tomcat.TomcatWebServer]: Tomcat started on port(s): 8888 (http) with context path ''
2022-11-06 17:27:32 INFO [com.example.yin.YinMusicApplication]: Started YinMusicApplication in 8.373 seconds (JVM running for 9.468)
2022-11-06 17:28:05 INFO [org.springframework.web.servlet.DispatcherServlet]: Initializing Servlet 'dispatcherServlet'
2022-11-06 17:28:05 INFO [org.springframework.web.servlet.DispatcherServlet]: Completed initialization in 1 ms
2022-11-06 17:32:19 INFO [com.example.yin.YinMusicApplication]: Starting YinMusicApplication using Java 1.8.0_201 on LAPTOP-KHDN7OPL with PID 17140 (E:\AJ'S MUSICOM\music-website\music-server\target\classes started by ASUS in E:\AJ'S MUSICOM\music-website)
2022-11-06 17:32:19 INFO [com.example.yin.YinMusicApplication]: The following profiles are active: dev
2022-11-06 17:32:19 INFO [org.springframework.boot.devtools.env.DevToolsPropertyDefaultsPostProcessor]: Devtools property defaults active! Set 'spring.devtools.add-properties' to 'false' to disable
2022-11-06 17:32:19 INFO [org.springframework.boot.devtools.env.DevToolsPropertyDefaultsPostProcessor]: For additional web related logging consider setting the 'logging.level.web' property to 'DEBUG'
2022-11-06 17:32:20 INFO [org.springframework.data.repository.config.RepositoryConfigurationDelegate]: Multiple Spring Data modules found, entering strict repository configuration mode!
2022-11-06 17:32:20 INFO [org.springframework.data.repository.config.RepositoryConfigurationDelegate]: Bootstrapping Spring Data Redis repositories in DEFAULT mode.
2022-11-06 17:32:21 INFO [org.springframework.data.repository.config.RepositoryConfigurationDelegate]: Finished Spring Data repository scanning in 169 ms. Found 0 Redis repository interfaces.
2022-11-06 17:32:26 INFO [org.springframework.boot.web.embedded.tomcat.TomcatWebServer]: Tomcat initialized with port(s): 8888 (http)
2022-11-06 17:32:26 INFO [org.springframework.boot.web.servlet.context.ServletWebServerApplicationContext]: Root WebApplicationContext: initialization completed in 7020 ms
2022-11-06 17:32:27 INFO [org.springframework.boot.devtools.autoconfigure.OptionalLiveReloadServer]: LiveReload server is running on port 35729
2022-11-06 17:32:27 INFO [org.springframework.boot.web.embedded.tomcat.TomcatWebServer]: Tomcat started on port(s): 8888 (http) with context path ''
2022-11-06 17:32:27 INFO [com.example.yin.YinMusicApplication]: Started YinMusicApplication in 8.5 seconds (JVM running for 9.766)
2022-11-06 17:33:02 INFO [org.springframework.web.servlet.DispatcherServlet]: Initializing Servlet 'dispatcherServlet'
2022-11-06 17:33:02 INFO [org.springframework.web.servlet.DispatcherServlet]: Completed initialization in 1 ms
2022-11-06 17:33:18 INFO [com.zaxxer.hikari.HikariDataSource]: HikariPool-1 - Starting...
2022-11-06 17:33:18 INFO [com.zaxxer.hikari.HikariDataSource]: HikariPool-1 - Start completed.
2022-11-06 17:38:42 INFO [com.zaxxer.hikari.HikariDataSource]: HikariPool-1 - Shutdown initiated...
2022-11-06 17:38:42 INFO [com.zaxxer.hikari.HikariDataSource]: HikariPool-1 - Shutdown completed.
2022-11-06 17:38:47 INFO [com.example.yin.YinMusicApplication]: Starting YinMusicApplication using Java 1.8.0_201 on LAPTOP-KHDN7OPL with PID 12276 (E:\AJ'S MUSICOM\music-website\music-server\target\classes started by ASUS in E:\AJ'S MUSICOM\music-website)
2022-11-06 17:38:47 INFO [com.example.yin.YinMusicApplication]: The following profiles are active: dev
2022-11-06 17:38:48 INFO [org.springframework.boot.devtools.env.DevToolsPropertyDefaultsPostProcessor]: Devtools property defaults active! Set 'spring.devtools.add-properties' to 'false' to disable
2022-11-06 17:38:48 INFO [org.springframework.boot.devtools.env.DevToolsPropertyDefaultsPostProcessor]: For additional web related logging consider setting the 'logging.level.web' property to 'DEBUG'
2022-11-06 17:38:53 INFO [org.springframework.data.repository.config.RepositoryConfigurationDelegate]: Multiple Spring Data modules found, entering strict repository configuration mode!
2022-11-06 17:38:53 INFO [org.springframework.data.repository.config.RepositoryConfigurationDelegate]: Bootstrapping Spring Data Redis repositories in DEFAULT mode.
2022-11-06 17:38:53 INFO [org.springframework.data.repository.config.RepositoryConfigurationDelegate]: Finished Spring Data repository scanning in 15 ms. Found 0 Redis repository interfaces.
2022-11-06 17:38:55 INFO [org.springframework.boot.web.embedded.tomcat.TomcatWebServer]: Tomcat initialized with port(s): 8888 (http)
2022-11-06 17:38:55 INFO [org.springframework.boot.web.servlet.context.ServletWebServerApplicationContext]: Root WebApplicationContext: initialization completed in 7677 ms
2022-11-06 17:38:56 INFO [org.springframework.boot.devtools.autoconfigure.OptionalLiveReloadServer]: LiveReload server is running on port 35729
2022-11-06 17:38:56 INFO [org.springframework.boot.web.embedded.tomcat.TomcatWebServer]: Tomcat started on port(s): 8888 (http) with context path ''
2022-11-06 17:38:56 INFO [com.example.yin.YinMusicApplication]: Started YinMusicApplication in 9.364 seconds (JVM running for 10.514)
2022-11-06 17:39:33 INFO [org.springframework.web.servlet.DispatcherServlet]: Initializing Servlet 'dispatcherServlet'
2022-11-06 17:39:33 INFO [org.springframework.web.servlet.DispatcherServlet]: Completed initialization in 1 ms
2022-11-06 17:40:59 INFO [com.zaxxer.hikari.HikariDataSource]: HikariPool-1 - Starting...
2022-11-06 17:40:59 INFO [com.zaxxer.hikari.HikariDataSource]: HikariPool-1 - Start completed.
2022-11-06 17:42:35 WARN [org.springframework.web.servlet.PageNotFound]: No mapping for GET //img/avatarImages/1556202448064L1.jpg
2022-11-06 17:42:35 WARN [org.springframework.web.servlet.PageNotFound]: No mapping for GET //img/avatarImages/user.jpg
2022-11-06 17:42:35 WARN [org.springframework.web.servlet.PageNotFound]: No mapping for GET //img/avatarImages/1552354056660L1.jpg
2022-11-06 17:42:35 WARN [org.springframework.web.servlet.PageNotFound]: No mapping for GET //img/avatarImages/1584896565998L1.jpg
2022-11-06 17:43:02 WARN [org.springframework.web.servlet.mvc.support.DefaultHandlerExceptionResolver]: Resolved [org.springframework.web.bind.MissingServletRequestParameterException: Required request parameter 'consumerId' for method parameter type Long is present but converted to null]
2022-11-06 17:43:02 WARN [org.springframework.web.servlet.PageNotFound]: No mapping for GET //img/avatarImages/1556202448064L1.jpg
2022-11-06 17:43:02 WARN [org.springframework.web.servlet.PageNotFound]: No mapping for GET //img/avatarImages/1552354056660L1.jpg
2022-11-06 17:43:02 WARN [org.springframework.web.servlet.PageNotFound]: No mapping for GET //img/avatarImages/1556202448064L1.jpg
2022-11-06 17:43:02 WARN [org.springframework.web.servlet.PageNotFound]: No mapping for GET //img/avatarImages/1556202448064L1.jpg
2022-11-06 17:43:13 WARN [org.springframework.web.servlet.PageNotFound]: No mapping for GET //img/avatarImages/1556202448064L1.jpg
2022-11-06 17:43:13 WARN [org.springframework.web.servlet.PageNotFound]: No mapping for GET //img/avatarImages/1552354056660L1.jpg
2022-11-06 17:43:13 WARN [org.springframework.web.servlet.PageNotFound]: No mapping for GET //img/avatarImages/1556202448064L1.jpg
2022-11-06 17:43:13 WARN [org.springframework.web.servlet.PageNotFound]: No mapping for GET //img/avatarImages/1556202448064L1.jpg
2022-11-06 17:44:06 WARN [org.springframework.web.servlet.PageNotFound]: No mapping for GET //img/avatarImages/1556202448064L1.jpg
2022-11-06 17:44:06 WARN [org.springframework.web.servlet.PageNotFound]: No mapping for GET //img/avatarImages/1552354056660L1.jpg
2022-11-06 17:44:06 WARN [org.springframework.web.servlet.PageNotFound]: No mapping for GET //img/avatarImages/1556202448064L1.jpg
2022-11-06 17:44:06 WARN [org.springframework.web.servlet.PageNotFound]: No mapping for GET //img/avatarImages/1556202448064L1.jpg
2022-11-06 17:44:08 WARN [org.springframework.web.servlet.PageNotFound]: No mapping for GET //img/avatarImages/1556202448064L1.jpg
2022-11-06 17:44:08 WARN [org.springframework.web.servlet.PageNotFound]: No mapping for GET //img/avatarImages/1552354056660L1.jpg
2022-11-06 17:44:08 WARN [org.springframework.web.servlet.PageNotFound]: No mapping for GET //img/avatarImages/1556202448064L1.jpg
2022-11-06 17:44:08 WARN [org.springframework.web.servlet.PageNotFound]: No mapping for GET //img/avatarImages/1556202448064L1.jpg
2022-11-06 17:44:09 WARN [org.springframework.web.servlet.PageNotFound]: No mapping for GET //img/avatarImages/1556202448064L1.jpg
2022-11-06 17:44:09 WARN [org.springframework.web.servlet.PageNotFound]: No mapping for GET //img/avatarImages/1552354056660L1.jpg
2022-11-06 17:44:09 WARN [org.springframework.web.servlet.PageNotFound]: No mapping for GET //img/avatarImages/1556202448064L1.jpg
2022-11-06 17:44:09 WARN [org.springframework.web.servlet.PageNotFound]: No mapping for GET //img/avatarImages/1556202448064L1.jpg
2022-11-06 17:44:45 WARN [org.springframework.web.servlet.PageNotFound]: No mapping for GET //img/avatarImages/1556202448064L1.jpg
2022-11-06 17:44:45 WARN [org.springframework.web.servlet.PageNotFound]: No mapping for GET //img/avatarImages/user.jpg
2022-11-06 17:44:45 WARN [org.springframework.web.servlet.PageNotFound]: No mapping for GET //img/avatarImages/1552354056660L1.jpg
2022-11-06 17:44:45 WARN [org.springframework.web.servlet.PageNotFound]: No mapping for GET //img/avatarImages/1584896565998L1.jpg
2022-11-06 17:45:34 WARN [org.springframework.web.servlet.mvc.support.DefaultHandlerExceptionResolver]: Resolved [org.springframework.web.bind.MissingServletRequestParameterException: Required request parameter 'consumerId' for method parameter type Long is present but converted to null]
2022-11-06 17:45:35 WARN [org.springframework.web.servlet.PageNotFound]: No mapping for GET //img/avatarImages/1556202448064L1.jpg
2022-11-06 17:45:35 WARN [org.springframework.web.servlet.PageNotFound]: No mapping for GET //img/avatarImages/1552354056660L1.jpg
2022-11-06 17:45:35 WARN [org.springframework.web.servlet.PageNotFound]: No mapping for GET //img/avatarImages/1556202448064L1.jpg
2022-11-06 17:45:35 WARN [org.springframework.web.servlet.PageNotFound]: No mapping for GET //img/avatarImages/1556202448064L1.jpg
2022-11-06 17:56:43 WARN [com.zaxxer.hikari.pool.HikariPool]: HikariPool-1 - Thread starvation or clock leap detected (housekeeper delta=9m13s94ms717µs500ns).
2022-11-06 19:25:44 WARN [org.springframework.web.servlet.mvc.support.DefaultHandlerExceptionResolver]: Resolved [org.springframework.web.bind.MissingServletRequestParameterException: Required request parameter 'consumerId' for method parameter type Long is present but converted to null]
2022-11-06 19:30:42 WARN [org.springframework.web.servlet.PageNotFound]: No mapping for GET //img/avatarImages/1556202448064L1.jpg
2022-11-06 19:30:42 WARN [org.springframework.web.servlet.PageNotFound]: No mapping for GET //img/avatarImages/user.jpg
2022-11-06 19:30:42 WARN [org.springframework.web.servlet.PageNotFound]: No mapping for GET //img/avatarImages/1552354056660L1.jpg
2022-11-06 19:30:42 WARN [org.springframework.web.servlet.PageNotFound]: No mapping for GET //img/avatarImages/1584896565998L1.jpg
2022-11-06 19:31:15 WARN [org.springframework.web.servlet.PageNotFound]: No mapping for GET //img/avatarImages/1556202448064L1.jpg
2022-11-06 19:31:15 WARN [org.springframework.web.servlet.PageNotFound]: No mapping for GET //img/avatarImages/1584896565998L1.jpg
2022-11-06 19:31:15 WARN [org.springframework.web.servlet.PageNotFound]: No mapping for GET //img/avatarImages/user.jpg
2022-11-06 19:31:15 WARN [org.springframework.web.servlet.PageNotFound]: No mapping for GET //img/avatarImages/1552354056660L1.jpg
2022-11-06 19:39:26 WARN [org.springframework.web.servlet.mvc.support.DefaultHandlerExceptionResolver]: Resolved [org.springframework.web.bind.MissingServletRequestParameterException: Required request parameter 'consumerId' for method parameter type Long is present but converted to null]
2022-11-06 19:39:26 WARN [org.springframework.web.servlet.PageNotFound]: No mapping for GET //img/avatarImages/1552354056660L1.jpg
2022-11-06 19:39:29 WARN [org.springframework.web.servlet.PageNotFound]: No mapping for GET //img/avatarImages/1552354056660L1.jpg
2022-11-06 19:58:30 WARN [com.zaxxer.hikari.pool.HikariPool]: HikariPool-1 - Thread starvation or clock leap detected (housekeeper delta=3m44s823ms951µs100ns).
2022-11-06 20:01:33 WARN [org.springframework.web.servlet.mvc.support.DefaultHandlerExceptionResolver]: Resolved [org.springframework.web.bind.MissingServletRequestParameterException: Required request parameter 'consumerId' for method parameter type Long is present but converted to null]
2022-11-06 20:01:49 WARN [org.springframework.web.servlet.mvc.support.DefaultHandlerExceptionResolver]: Resolved [org.springframework.web.bind.MissingServletRequestParameterException: Required request parameter 'consumerId' for method parameter type Long is present but converted to null]
2022-11-06 20:25:15 WARN [com.zaxxer.hikari.pool.HikariPool]: HikariPool-1 - Thread starvation or clock leap detected (housekeeper delta=2m44s788ms44µs300ns).
2022-11-06 20:29:37 INFO [com.zaxxer.hikari.HikariDataSource]: HikariPool-1 - Shutdown initiated...
2022-11-06 20:29:37 INFO [com.zaxxer.hikari.HikariDataSource]: HikariPool-1 - Shutdown completed.
2022-11-06 20:29:53 INFO [com.example.yin.YinMusicApplication]: Starting YinMusicApplication using Java 1.8.0_201 on LAPTOP-KHDN7OPL with PID 14172 (E:\AJ'S MUSICOM\music-website\music-server\target\classes started by ASUS in E:\AJ'S MUSICOM\music-website)
2022-11-06 20:29:53 INFO [com.example.yin.YinMusicApplication]: The following profiles are active: dev
2022-11-06 20:29:53 INFO [org.springframework.boot.devtools.env.DevToolsPropertyDefaultsPostProcessor]: Devtools property defaults active! Set 'spring.devtools.add-properties' to 'false' to disable
2022-11-06 20:29:53 INFO [org.springframework.boot.devtools.env.DevToolsPropertyDefaultsPostProcessor]: For additional web related logging consider setting the 'logging.level.web' property to 'DEBUG'
2022-11-06 20:29:54 INFO [org.springframework.data.repository.config.RepositoryConfigurationDelegate]: Multiple Spring Data modules found, entering strict repository configuration mode!
2022-11-06 20:29:54 INFO [org.springframework.data.repository.config.RepositoryConfigurationDelegate]: Bootstrapping Spring Data Redis repositories in DEFAULT mode.
2022-11-06 20:29:54 INFO [org.springframework.data.repository.config.RepositoryConfigurationDelegate]: Finished Spring Data repository scanning in 21 ms. Found 0 Redis repository interfaces.
2022-11-06 20:30:01 INFO [org.springframework.boot.web.embedded.tomcat.TomcatWebServer]: Tomcat initialized with port(s): 8888 (http)
2022-11-06 20:30:01 INFO [org.springframework.boot.web.servlet.context.ServletWebServerApplicationContext]: Root WebApplicationContext: initialization completed in 7464 ms
2022-11-06 20:30:02 INFO [org.springframework.boot.devtools.autoconfigure.OptionalLiveReloadServer]: LiveReload server is running on port 35729
2022-11-06 20:30:02 INFO [org.springframework.boot.web.embedded.tomcat.TomcatWebServer]: Tomcat started on port(s): 8888 (http) with context path ''
2022-11-06 20:30:02 INFO [com.example.yin.YinMusicApplication]: Started YinMusicApplication in 9.158 seconds (JVM running for 14.838)
2022-11-06 20:30:45 INFO [org.springframework.web.servlet.DispatcherServlet]: Initializing Servlet 'dispatcherServlet'
2022-11-06 20:30:45 INFO [org.springframework.web.servlet.DispatcherServlet]: Completed initialization in 1 ms
2022-11-06 20:30:45 INFO [com.zaxxer.hikari.HikariDataSource]: HikariPool-1 - Starting...
2022-11-06 20:30:45 INFO [com.zaxxer.hikari.HikariDataSource]: HikariPool-1 - Start completed.
2022-11-06 20:33:25 INFO [com.zaxxer.hikari.HikariDataSource]: HikariPool-1 - Shutdown initiated...
2022-11-06 20:33:25 INFO [com.zaxxer.hikari.HikariDataSource]: HikariPool-1 - Shutdown completed.
2022-11-06 20:33:53 INFO [com.example.yin.YinMusicApplication]: Starting YinMusicApplication using Java 1.8.0_201 on LAPTOP-KHDN7OPL with PID 16936 (E:\AJ'S MUSICOM\music-website\music-server\target\classes started by ASUS in E:\AJ'S MUSICOM\music-website)
2022-11-06 20:33:53 INFO [com.example.yin.YinMusicApplication]: The following profiles are active: dev
2022-11-06 20:33:53 INFO [org.springframework.boot.devtools.env.DevToolsPropertyDefaultsPostProcessor]: Devtools property defaults active! Set 'spring.devtools.add-properties' to 'false' to disable
2022-11-06 20:33:53 INFO [org.springframework.boot.devtools.env.DevToolsPropertyDefaultsPostProcessor]: For additional web related logging consider setting the 'logging.level.web' property to 'DEBUG'
2022-11-06 20:33:59 INFO [org.springframework.data.repository.config.RepositoryConfigurationDelegate]: Multiple Spring Data modules found, entering strict repository configuration mode!
2022-11-06 20:33:59 INFO [org.springframework.data.repository.config.RepositoryConfigurationDelegate]: Bootstrapping Spring Data Redis repositories in DEFAULT mode.
2022-11-06 20:33:59 INFO [org.springframework.data.repository.config.RepositoryConfigurationDelegate]: Finished Spring Data repository scanning in 31 ms. Found 0 Redis repository interfaces.
2022-11-06 20:34:04 INFO [org.springframework.boot.web.embedded.tomcat.TomcatWebServer]: Tomcat initialized with port(s): 8888 (http)
2022-11-06 20:34:06 INFO [org.springframework.boot.web.servlet.context.ServletWebServerApplicationContext]: Root WebApplicationContext: initialization completed in 12317 ms
2022-11-06 20:34:07 INFO [org.springframework.boot.devtools.autoconfigure.OptionalLiveReloadServer]: LiveReload server is running on port 35729
2022-11-06 20:34:07 INFO [org.springframework.boot.web.embedded.tomcat.TomcatWebServer]: Tomcat started on port(s): 8888 (http) with context path ''
2022-11-06 20:34:07 INFO [com.example.yin.YinMusicApplication]: Started YinMusicApplication in 14.441 seconds (JVM running for 15.559)
2022-11-06 20:34:42 INFO [org.springframework.web.servlet.DispatcherServlet]: Initializing Servlet 'dispatcherServlet'
2022-11-06 20:34:42 INFO [org.springframework.web.servlet.DispatcherServlet]: Completed initialization in 2 ms
2022-11-06 20:34:42 INFO [com.zaxxer.hikari.HikariDataSource]: HikariPool-1 - Starting...
2022-11-06 20:34:42 INFO [com.zaxxer.hikari.HikariDataSource]: HikariPool-1 - Start completed.
2022-11-06 20:36:29 INFO [com.zaxxer.hikari.HikariDataSource]: HikariPool-1 - Shutdown initiated...
2022-11-06 20:36:29 INFO [com.zaxxer.hikari.HikariDataSource]: HikariPool-1 - Shutdown completed.
2022-11-06 20:36:32 INFO [com.example.yin.YinMusicApplication]: Starting YinMusicApplication using Java 1.8.0_201 on LAPTOP-KHDN7OPL with PID 18560 (E:\AJ'S MUSICOM\music-website\music-server\target\classes started by ASUS in E:\AJ'S MUSICOM\music-website)
2022-11-06 20:36:32 INFO [com.example.yin.YinMusicApplication]: The following profiles are active: dev
2022-11-06 20:36:32 INFO [org.springframework.boot.devtools.env.DevToolsPropertyDefaultsPostProcessor]: Devtools property defaults active! Set 'spring.devtools.add-properties' to 'false' to disable
2022-11-06 20:36:32 INFO [org.springframework.boot.devtools.env.DevToolsPropertyDefaultsPostProcessor]: For additional web related logging consider setting the 'logging.level.web' property to 'DEBUG'
2022-11-06 20:36:38 INFO [org.springframework.data.repository.config.RepositoryConfigurationDelegate]: Multiple Spring Data modules found, entering strict repository configuration mode!
2022-11-06 20:36:38 INFO [org.springframework.data.repository.config.RepositoryConfigurationDelegate]: Bootstrapping Spring Data Redis repositories in DEFAULT mode.
2022-11-06 20:36:38 INFO [org.springframework.data.repository.config.RepositoryConfigurationDelegate]: Finished Spring Data repository scanning in 13 ms. Found 0 Redis repository interfaces.
2022-11-06 20:36:40 INFO [org.springframework.boot.web.embedded.tomcat.TomcatWebServer]: Tomcat initialized with port(s): 8888 (http)
2022-11-06 20:36:40 INFO [org.springframework.boot.web.servlet.context.ServletWebServerApplicationContext]: Root WebApplicationContext: initialization completed in 7637 ms
2022-11-06 20:36:59 INFO [org.springframework.boot.devtools.autoconfigure.OptionalLiveReloadServer]: LiveReload server is running on port 35729
2022-11-06 20:36:59 INFO [org.springframework.boot.web.embedded.tomcat.TomcatWebServer]: Tomcat started on port(s): 8888 (http) with context path ''
2022-11-06 20:36:59 INFO [com.example.yin.YinMusicApplication]: Started YinMusicApplication in 27.752 seconds (JVM running for 29.51)
2022-11-06 20:37:42 INFO [org.springframework.web.servlet.DispatcherServlet]: Initializing Servlet 'dispatcherServlet'
2022-11-06 20:37:42 INFO [org.springframework.web.servlet.DispatcherServlet]: Completed initialization in 2 ms
2022-11-06 20:37:42 INFO [com.zaxxer.hikari.HikariDataSource]: HikariPool-1 - Starting...
2022-11-06 20:37:42 INFO [com.zaxxer.hikari.HikariDataSource]: HikariPool-1 - Start completed.
2022-11-06 20:37:59 INFO [com.zaxxer.hikari.HikariDataSource]: HikariPool-1 - Shutdown initiated...
2022-11-06 20:37:59 INFO [com.zaxxer.hikari.HikariDataSource]: HikariPool-1 - Shutdown completed.
2022-11-06 20:38:56 INFO [com.example.yin.YinMusicApplication]: Starting YinMusicApplication using Java 1.8.0_201 on LAPTOP-KHDN7OPL with PID 6640 (E:\AJ'S MUSICOM\music-website\music-server\target\classes started by ASUS in E:\AJ'S MUSICOM\music-website)
2022-11-06 20:38:56 INFO [com.example.yin.YinMusicApplication]: The following profiles are active: dev
2022-11-06 20:38:56 INFO [org.springframework.boot.devtools.env.DevToolsPropertyDefaultsPostProcessor]: Devtools property defaults active! Set 'spring.devtools.add-properties' to 'false' to disable
2022-11-06 20:38:56 INFO [org.springframework.boot.devtools.env.DevToolsPropertyDefaultsPostProcessor]: For additional web related logging consider setting the 'logging.level.web' property to 'DEBUG'
2022-11-06 20:38:58 INFO [org.springframework.data.repository.config.RepositoryConfigurationDelegate]: Multiple Spring Data modules found, entering strict repository configuration mode!
2022-11-06 20:38:58 INFO [org.springframework.data.repository.config.RepositoryConfigurationDelegate]: Bootstrapping Spring Data Redis repositories in DEFAULT mode.
2022-11-06 20:38:58 INFO [org.springframework.data.repository.config.RepositoryConfigurationDelegate]: Finished Spring Data repository scanning in 147 ms. Found 0 Redis repository interfaces.
2022-11-06 20:39:04 INFO [org.springframework.boot.web.embedded.tomcat.TomcatWebServer]: Tomcat initialized with port(s): 8080 (http)
2022-11-06 20:39:04 INFO [org.springframework.boot.web.servlet.context.ServletWebServerApplicationContext]: Root WebApplicationContext: initialization completed in 7467 ms
2022-11-06 20:39:36 INFO [org.springframework.boot.devtools.autoconfigure.OptionalLiveReloadServer]: LiveReload server is running on port 35729
2022-11-06 20:39:36 WARN [org.springframework.boot.web.servlet.context.AnnotationConfigServletWebServerApplicationContext]: Exception encountered during context initialization - cancelling refresh attempt: org.springframework.context.ApplicationContextException: Failed to start bean 'webServerStartStop'; nested exception is org.springframework.boot.web.server.PortInUseException: Port 8080 is already in use
2022-11-06 20:39:36 INFO [org.springframework.boot.autoconfigure.logging.ConditionEvaluationReportLoggingListener]: 

Error starting ApplicationContext. To display the conditions report re-run your application with 'debug' enabled.
2022-11-06 20:39:36 ERROR [org.springframework.boot.diagnostics.LoggingFailureAnalysisReporter]: 

***************************
APPLICATION FAILED TO START
***************************

Description:

Web server failed to start. Port 8080 was already in use.

Action:

Identify and stop the process that's listening on port 8080 or configure this application to listen on another port.

2022-11-06 20:40:31 INFO [com.example.yin.YinMusicApplication]: Starting YinMusicApplication using Java 1.8.0_201 on LAPTOP-KHDN7OPL with PID 16648 (E:\AJ'S MUSICOM\music-website\music-server\target\classes started by ASUS in E:\AJ'S MUSICOM\music-website)
2022-11-06 20:40:31 INFO [com.example.yin.YinMusicApplication]: The following profiles are active: dev
2022-11-06 20:40:31 INFO [org.springframework.boot.devtools.env.DevToolsPropertyDefaultsPostProcessor]: Devtools property defaults active! Set 'spring.devtools.add-properties' to 'false' to disable
2022-11-06 20:40:31 INFO [org.springframework.boot.devtools.env.DevToolsPropertyDefaultsPostProcessor]: For additional web related logging consider setting the 'logging.level.web' property to 'DEBUG'
2022-11-06 20:40:32 INFO [org.springframework.data.repository.config.RepositoryConfigurationDelegate]: Multiple Spring Data modules found, entering strict repository configuration mode!
2022-11-06 20:40:32 INFO [org.springframework.data.repository.config.RepositoryConfigurationDelegate]: Bootstrapping Spring Data Redis repositories in DEFAULT mode.
2022-11-06 20:40:32 INFO [org.springframework.data.repository.config.RepositoryConfigurationDelegate]: Finished Spring Data repository scanning in 12 ms. Found 0 Redis repository interfaces.
2022-11-06 20:40:38 INFO [org.springframework.boot.web.embedded.tomcat.TomcatWebServer]: Tomcat initialized with port(s): 8080 (http)
2022-11-06 20:40:38 INFO [org.springframework.boot.web.servlet.context.ServletWebServerApplicationContext]: Root WebApplicationContext: initialization completed in 7132 ms
2022-11-06 20:40:39 INFO [org.springframework.boot.devtools.autoconfigure.OptionalLiveReloadServer]: LiveReload server is running on port 35729
2022-11-06 20:40:39 INFO [org.springframework.boot.web.embedded.tomcat.TomcatWebServer]: Tomcat started on port(s): 8080 (http) with context path ''
2022-11-06 20:40:39 INFO [com.example.yin.YinMusicApplication]: Started YinMusicApplication in 8.558 seconds (JVM running for 9.779)
2022-11-06 20:41:19 INFO [org.springframework.web.servlet.DispatcherServlet]: Initializing Servlet 'dispatcherServlet'
2022-11-06 20:41:19 INFO [org.springframework.web.servlet.DispatcherServlet]: Completed initialization in 2 ms
2022-11-06 20:41:19 WARN [org.springframework.web.servlet.PageNotFound]: No mapping for GET /ws
2022-11-06 20:41:21 WARN [org.springframework.web.servlet.PageNotFound]: No mapping for GET /
2022-11-06 20:41:21 WARN [org.springframework.web.servlet.PageNotFound]: No mapping for GET /favicon.ico
2022-11-06 20:41:24 WARN [org.springframework.web.servlet.PageNotFound]: No mapping for GET /
2022-11-06 20:41:24 WARN [org.springframework.web.servlet.PageNotFound]: No mapping for GET /favicon.ico
2022-11-06 20:42:57 INFO [com.example.yin.YinMusicApplication]: Starting YinMusicApplication using Java 1.8.0_201 on LAPTOP-KHDN7OPL with PID 1600 (E:\AJ'S MUSICOM\music-website\music-server\target\classes started by ASUS in E:\AJ'S MUSICOM\music-website)
2022-11-06 20:42:57 INFO [com.example.yin.YinMusicApplication]: The following profiles are active: dev
2022-11-06 20:42:57 INFO [org.springframework.boot.devtools.env.DevToolsPropertyDefaultsPostProcessor]: Devtools property defaults active! Set 'spring.devtools.add-properties' to 'false' to disable
2022-11-06 20:42:57 INFO [org.springframework.boot.devtools.env.DevToolsPropertyDefaultsPostProcessor]: For additional web related logging consider setting the 'logging.level.web' property to 'DEBUG'
2022-11-06 20:42:59 INFO [org.springframework.data.repository.config.RepositoryConfigurationDelegate]: Multiple Spring Data modules found, entering strict repository configuration mode!
2022-11-06 20:42:59 INFO [org.springframework.data.repository.config.RepositoryConfigurationDelegate]: Bootstrapping Spring Data Redis repositories in DEFAULT mode.
2022-11-06 20:42:59 INFO [org.springframework.data.repository.config.RepositoryConfigurationDelegate]: Finished Spring Data repository scanning in 23 ms. Found 0 Redis repository interfaces.
2022-11-06 20:43:08 INFO [org.springframework.boot.web.embedded.tomcat.TomcatWebServer]: Tomcat initialized with port(s): 8080 (http)
2022-11-06 20:43:10 INFO [org.springframework.boot.web.servlet.context.ServletWebServerApplicationContext]: Root WebApplicationContext: initialization completed in 12422 ms
2022-11-06 20:43:14 INFO [org.springframework.boot.devtools.autoconfigure.OptionalLiveReloadServer]: LiveReload server is running on port 35729
2022-11-06 20:43:14 WARN [org.springframework.boot.web.servlet.context.AnnotationConfigServletWebServerApplicationContext]: Exception encountered during context initialization - cancelling refresh attempt: org.springframework.context.ApplicationContextException: Failed to start bean 'webServerStartStop'; nested exception is org.springframework.boot.web.server.PortInUseException: Port 8080 is already in use
2022-11-06 20:43:14 INFO [org.springframework.boot.autoconfigure.logging.ConditionEvaluationReportLoggingListener]: 

Error starting ApplicationContext. To display the conditions report re-run your application with 'debug' enabled.
2022-11-06 20:43:15 ERROR [org.springframework.boot.diagnostics.LoggingFailureAnalysisReporter]: 

***************************
APPLICATION FAILED TO START
***************************

Description:

Web server failed to start. Port 8080 was already in use.

Action:

Identify and stop the process that's listening on port 8080 or configure this application to listen on another port.

2022-11-06 20:44:42 INFO [com.example.yin.YinMusicApplication]: Starting YinMusicApplication using Java 1.8.0_201 on LAPTOP-KHDN7OPL with PID 7052 (E:\AJ'S MUSICOM\music-website\music-server\target\classes started by ASUS in E:\AJ'S MUSICOM\music-website)
2022-11-06 20:44:42 INFO [com.example.yin.YinMusicApplication]: The following profiles are active: dev
2022-11-06 20:44:43 INFO [org.springframework.boot.devtools.env.DevToolsPropertyDefaultsPostProcessor]: Devtools property defaults active! Set 'spring.devtools.add-properties' to 'false' to disable
2022-11-06 20:44:43 INFO [org.springframework.boot.devtools.env.DevToolsPropertyDefaultsPostProcessor]: For additional web related logging consider setting the 'logging.level.web' property to 'DEBUG'
2022-11-06 20:44:46 INFO [org.springframework.data.repository.config.RepositoryConfigurationDelegate]: Multiple Spring Data modules found, entering strict repository configuration mode!
2022-11-06 20:44:46 INFO [org.springframework.data.repository.config.RepositoryConfigurationDelegate]: Bootstrapping Spring Data Redis repositories in DEFAULT mode.
2022-11-06 20:44:46 INFO [org.springframework.data.repository.config.RepositoryConfigurationDelegate]: Finished Spring Data repository scanning in 27 ms. Found 0 Redis repository interfaces.
2022-11-06 20:44:48 INFO [org.springframework.boot.web.embedded.tomcat.TomcatWebServer]: Tomcat initialized with port(s): 8080 (http)
2022-11-06 20:44:48 INFO [org.springframework.boot.web.servlet.context.ServletWebServerApplicationContext]: Root WebApplicationContext: initialization completed in 4700 ms
2022-11-06 20:44:49 INFO [org.springframework.boot.devtools.autoconfigure.OptionalLiveReloadServer]: LiveReload server is running on port 35729
2022-11-06 20:44:49 INFO [org.springframework.boot.web.embedded.tomcat.TomcatWebServer]: Tomcat started on port(s): 8080 (http) with context path ''
2022-11-06 20:44:49 INFO [com.example.yin.YinMusicApplication]: Started YinMusicApplication in 9.384 seconds (JVM running for 10.965)
2022-11-06 20:49:17 INFO [org.springframework.web.servlet.DispatcherServlet]: Initializing Servlet 'dispatcherServlet'
2022-11-06 20:49:17 INFO [org.springframework.web.servlet.DispatcherServlet]: Completed initialization in 49 ms
2022-11-06 20:49:18 INFO [com.zaxxer.hikari.HikariDataSource]: HikariPool-1 - Starting...
2022-11-06 20:49:19 INFO [com.zaxxer.hikari.HikariDataSource]: HikariPool-1 - Start completed.
2022-11-06 20:50:31 WARN [org.springframework.web.servlet.PageNotFound]: No mapping for GET //img/avatarImages/1556202448064L1.jpg
2022-11-06 20:50:31 WARN [org.springframework.web.servlet.PageNotFound]: No mapping for GET //img/avatarImages/user.jpg
2022-11-06 20:50:31 WARN [org.springframework.web.servlet.PageNotFound]: No mapping for GET //img/avatarImages/1552354056660L1.jpg
2022-11-06 20:50:31 WARN [org.springframework.web.servlet.PageNotFound]: No mapping for GET //img/avatarImages/1584896565998L1.jpg
2022-11-06 20:57:03 INFO [io.lettuce.core.protocol.CommandHandler]: null Unexpected exception during request: java.io.IOException: 远程主机强迫关闭了一个现有的连接。
java.io.IOException: 远程主机强迫关闭了一个现有的连接。
	at sun.nio.ch.SocketDispatcher.read0(Native Method)
	at sun.nio.ch.SocketDispatcher.read(SocketDispatcher.java:43)
	at sun.nio.ch.IOUtil.readIntoNativeBuffer(IOUtil.java:223)
	at sun.nio.ch.IOUtil.read(IOUtil.java:192)
	at sun.nio.ch.SocketChannelImpl.read(SocketChannelImpl.java:380)
	at io.netty.buffer.PooledByteBuf.setBytes(PooledByteBuf.java:253)
	at io.netty.buffer.AbstractByteBuf.writeBytes(AbstractByteBuf.java:1132)
	at io.netty.channel.socket.nio.NioSocketChannel.doReadBytes(NioSocketChannel.java:350)
	at io.netty.channel.nio.AbstractNioByteChannel$NioByteUnsafe.read(AbstractNioByteChannel.java:151)
	at io.netty.channel.nio.NioEventLoop.processSelectedKey(NioEventLoop.java:722)
	at io.netty.channel.nio.NioEventLoop.processSelectedKeysOptimized(NioEventLoop.java:658)
	at io.netty.channel.nio.NioEventLoop.processSelectedKeys(NioEventLoop.java:584)
	at io.netty.channel.nio.NioEventLoop.run(NioEventLoop.java:496)
	at io.netty.util.concurrent.SingleThreadEventExecutor$4.run(SingleThreadEventExecutor.java:986)
	at io.netty.util.internal.ThreadExecutorMap$2.run(ThreadExecutorMap.java:74)
	at io.netty.util.concurrent.FastThreadLocalRunnable.run(FastThreadLocalRunnable.java:30)
	at java.lang.Thread.run(Thread.java:748)
2022-11-06 20:57:03 INFO [io.lettuce.core.protocol.ConnectionWatchdog]: Reconnecting, last destination was /127.0.0.1:6379
2022-11-06 20:57:05 WARN [io.lettuce.core.protocol.ConnectionWatchdog]: Cannot reconnect to [127.0.0.1:6379]: Connection refused: no further information: /127.0.0.1:6379
2022-11-06 20:57:09 INFO [io.lettuce.core.protocol.ConnectionWatchdog]: Reconnecting, last destination was 127.0.0.1:6379
2022-11-06 20:57:11 WARN [io.lettuce.core.protocol.ConnectionWatchdog]: Cannot reconnect to [127.0.0.1:6379]: Connection refused: no further information: /127.0.0.1:6379
2022-11-06 20:57:15 INFO [io.lettuce.core.protocol.ConnectionWatchdog]: Reconnecting, last destination was 127.0.0.1:6379
2022-11-06 20:57:17 WARN [io.lettuce.core.protocol.ConnectionWatchdog]: Cannot reconnect to [127.0.0.1:6379]: Connection refused: no further information: /127.0.0.1:6379
2022-11-06 20:57:23 INFO [io.lettuce.core.protocol.ConnectionWatchdog]: Reconnecting, last destination was 127.0.0.1:6379
2022-11-06 20:57:25 WARN [io.lettuce.core.protocol.ConnectionWatchdog]: Cannot reconnect to [127.0.0.1:6379]: Connection refused: no further information: /127.0.0.1:6379
2022-11-06 20:57:30 INFO [io.lettuce.core.protocol.ConnectionWatchdog]: Reconnecting, last destination was 127.0.0.1:6379
2022-11-06 20:57:31 INFO [io.lettuce.core.protocol.ReconnectionHandler]: Reconnected to 127.0.0.1:6379
2022-11-06 21:06:23 WARN [org.springframework.web.servlet.PageNotFound]: No mapping for GET //img/avatarImages/1556202448064L1.jpg
2022-11-06 21:06:23 WARN [org.springframework.web.servlet.PageNotFound]: No mapping for GET //img/avatarImages/1552354056660L1.jpg
2022-11-06 21:06:23 WARN [org.springframework.web.servlet.PageNotFound]: No mapping for GET //img/avatarImages/user.jpg
2022-11-06 21:06:23 WARN [org.springframework.web.servlet.PageNotFound]: No mapping for GET //img/avatarImages/1584896565998L1.jpg
2022-11-06 21:16:58 WARN [org.springframework.web.servlet.mvc.support.DefaultHandlerExceptionResolver]: Resolved [org.springframework.web.HttpRequestMethodNotSupportedException: Request method 'DELETE' not supported]
2022-11-06 21:17:00 WARN [org.springframework.web.servlet.mvc.support.DefaultHandlerExceptionResolver]: Resolved [org.springframework.web.HttpRequestMethodNotSupportedException: Request method 'DELETE' not supported]
2022-11-06 21:17:15 WARN [org.springframework.web.servlet.mvc.support.DefaultHandlerExceptionResolver]: Resolved [org.springframework.web.HttpRequestMethodNotSupportedException: Request method 'DELETE' not supported]
2022-11-06 21:18:40 WARN [org.springframework.web.servlet.mvc.support.DefaultHandlerExceptionResolver]: Resolved [org.springframework.web.HttpRequestMethodNotSupportedException: Request method 'DELETE' not supported]
2022-11-06 21:18:40 WARN [org.springframework.web.servlet.mvc.support.DefaultHandlerExceptionResolver]: Resolved [org.springframework.web.HttpRequestMethodNotSupportedException: Request method 'DELETE' not supported]
2022-11-06 21:19:01 WARN [org.springframework.web.servlet.mvc.support.DefaultHandlerExceptionResolver]: Resolved [org.springframework.web.HttpRequestMethodNotSupportedException: Request method 'DELETE' not supported]
2022-11-06 21:20:30 INFO [com.zaxxer.hikari.HikariDataSource]: HikariPool-1 - Shutdown initiated...
2022-11-06 21:20:30 INFO [com.zaxxer.hikari.HikariDataSource]: HikariPool-1 - Shutdown completed.
2022-11-06 21:20:36 INFO [com.example.yin.YinMusicApplication]: Starting YinMusicApplication using Java 1.8.0_201 on LAPTOP-KHDN7OPL with PID 2492 (E:\AJ'S MUSICOM\music-website\music-server\target\classes started by ASUS in E:\AJ'S MUSICOM\music-website)
2022-11-06 21:20:36 INFO [com.example.yin.YinMusicApplication]: The following profiles are active: dev
2022-11-06 21:20:36 INFO [org.springframework.boot.devtools.env.DevToolsPropertyDefaultsPostProcessor]: Devtools property defaults active! Set 'spring.devtools.add-properties' to 'false' to disable
2022-11-06 21:20:36 INFO [org.springframework.boot.devtools.env.DevToolsPropertyDefaultsPostProcessor]: For additional web related logging consider setting the 'logging.level.web' property to 'DEBUG'
2022-11-06 21:20:37 INFO [org.springframework.data.repository.config.RepositoryConfigurationDelegate]: Multiple Spring Data modules found, entering strict repository configuration mode!
2022-11-06 21:20:37 INFO [org.springframework.data.repository.config.RepositoryConfigurationDelegate]: Bootstrapping Spring Data Redis repositories in DEFAULT mode.
2022-11-06 21:20:37 INFO [org.springframework.data.repository.config.RepositoryConfigurationDelegate]: Finished Spring Data repository scanning in 15 ms. Found 0 Redis repository interfaces.
2022-11-06 21:20:39 INFO [org.springframework.boot.web.embedded.tomcat.TomcatWebServer]: Tomcat initialized with port(s): 8080 (http)
2022-11-06 21:20:39 INFO [org.springframework.boot.web.servlet.context.ServletWebServerApplicationContext]: Root WebApplicationContext: initialization completed in 2774 ms
2022-11-06 21:20:40 INFO [org.springframework.boot.devtools.autoconfigure.OptionalLiveReloadServer]: LiveReload server is running on port 35729
2022-11-06 21:20:40 INFO [org.springframework.boot.web.embedded.tomcat.TomcatWebServer]: Tomcat started on port(s): 8080 (http) with context path ''
2022-11-06 21:20:40 INFO [com.example.yin.YinMusicApplication]: Started YinMusicApplication in 4.305 seconds (JVM running for 5.566)
2022-11-06 21:20:58 INFO [org.springframework.web.servlet.DispatcherServlet]: Initializing Servlet 'dispatcherServlet'
2022-11-06 21:20:58 INFO [org.springframework.web.servlet.DispatcherServlet]: Completed initialization in 1 ms
2022-11-06 21:20:58 INFO [com.zaxxer.hikari.HikariDataSource]: HikariPool-1 - Starting...
2022-11-06 21:20:59 INFO [com.zaxxer.hikari.HikariDataSource]: HikariPool-1 - Start completed.
2022-11-06 21:26:56 INFO [com.zaxxer.hikari.HikariDataSource]: HikariPool-1 - Shutdown initiated...
2022-11-06 21:26:56 INFO [com.zaxxer.hikari.HikariDataSource]: HikariPool-1 - Shutdown completed.
2022-11-06 21:30:51 INFO [com.example.yin.YinMusicApplication]: Starting YinMusicApplication using Java 1.8.0_201 on LAPTOP-KHDN7OPL with PID 12132 (E:\AJ'S MUSICOM\music-website\music-server\target\classes started by ASUS in E:\AJ'S MUSICOM\music-website)
2022-11-06 21:30:51 INFO [com.example.yin.YinMusicApplication]: The following profiles are active: dev
2022-11-06 21:30:51 INFO [org.springframework.boot.devtools.env.DevToolsPropertyDefaultsPostProcessor]: Devtools property defaults active! Set 'spring.devtools.add-properties' to 'false' to disable
2022-11-06 21:30:51 INFO [org.springframework.boot.devtools.env.DevToolsPropertyDefaultsPostProcessor]: For additional web related logging consider setting the 'logging.level.web' property to 'DEBUG'
2022-11-06 21:30:53 INFO [org.springframework.data.repository.config.RepositoryConfigurationDelegate]: Multiple Spring Data modules found, entering strict repository configuration mode!
2022-11-06 21:30:53 INFO [org.springframework.data.repository.config.RepositoryConfigurationDelegate]: Bootstrapping Spring Data Redis repositories in DEFAULT mode.
2022-11-06 21:30:53 INFO [org.springframework.data.repository.config.RepositoryConfigurationDelegate]: Finished Spring Data repository scanning in 24 ms. Found 0 Redis repository interfaces.
2022-11-06 21:30:56 INFO [org.springframework.boot.web.embedded.tomcat.TomcatWebServer]: Tomcat initialized with port(s): 8080 (http)
2022-11-06 21:30:57 INFO [org.springframework.boot.web.servlet.context.ServletWebServerApplicationContext]: Root WebApplicationContext: initialization completed in 5362 ms
2022-11-06 21:30:59 INFO [org.springframework.boot.devtools.autoconfigure.OptionalLiveReloadServer]: LiveReload server is running on port 35729
2022-11-06 21:30:59 WARN [org.springframework.boot.web.servlet.context.AnnotationConfigServletWebServerApplicationContext]: Exception encountered during context initialization - cancelling refresh attempt: org.springframework.context.ApplicationContextException: Failed to start bean 'webServerStartStop'; nested exception is org.springframework.boot.web.server.PortInUseException: Port 8080 is already in use
2022-11-06 21:30:59 INFO [org.springframework.boot.autoconfigure.logging.ConditionEvaluationReportLoggingListener]: 

Error starting ApplicationContext. To display the conditions report re-run your application with 'debug' enabled.
2022-11-06 21:30:59 ERROR [org.springframework.boot.diagnostics.LoggingFailureAnalysisReporter]: 

***************************
APPLICATION FAILED TO START
***************************

Description:

Web server failed to start. Port 8080 was already in use.

Action:

Identify and stop the process that's listening on port 8080 or configure this application to listen on another port.

2022-11-06 21:32:00 INFO [com.example.yin.YinMusicApplication]: Starting YinMusicApplication using Java 1.8.0_201 on LAPTOP-KHDN7OPL with PID 15008 (E:\AJ'S MUSICOM\music-website\music-server\target\classes started by ASUS in E:\AJ'S MUSICOM\music-website)
2022-11-06 21:32:00 INFO [com.example.yin.YinMusicApplication]: The following profiles are active: dev
2022-11-06 21:32:00 INFO [org.springframework.boot.devtools.env.DevToolsPropertyDefaultsPostProcessor]: Devtools property defaults active! Set 'spring.devtools.add-properties' to 'false' to disable
2022-11-06 21:32:00 INFO [org.springframework.boot.devtools.env.DevToolsPropertyDefaultsPostProcessor]: For additional web related logging consider setting the 'logging.level.web' property to 'DEBUG'
2022-11-06 21:32:01 INFO [org.springframework.data.repository.config.RepositoryConfigurationDelegate]: Multiple Spring Data modules found, entering strict repository configuration mode!
2022-11-06 21:32:01 INFO [org.springframework.data.repository.config.RepositoryConfigurationDelegate]: Bootstrapping Spring Data Redis repositories in DEFAULT mode.
2022-11-06 21:32:01 INFO [org.springframework.data.repository.config.RepositoryConfigurationDelegate]: Finished Spring Data repository scanning in 25 ms. Found 0 Redis repository interfaces.
2022-11-06 21:32:03 INFO [org.springframework.boot.web.embedded.tomcat.TomcatWebServer]: Tomcat initialized with port(s): 8080 (http)
2022-11-06 21:32:03 INFO [org.springframework.boot.web.servlet.context.ServletWebServerApplicationContext]: Root WebApplicationContext: initialization completed in 2791 ms
2022-11-06 21:32:04 INFO [org.springframework.boot.devtools.autoconfigure.OptionalLiveReloadServer]: LiveReload server is running on port 35729
2022-11-06 21:32:04 INFO [org.springframework.boot.web.embedded.tomcat.TomcatWebServer]: Tomcat started on port(s): 8080 (http) with context path ''
2022-11-06 21:32:04 INFO [com.example.yin.YinMusicApplication]: Started YinMusicApplication in 4.467 seconds (JVM running for 6.158)
2022-11-06 21:33:03 INFO [org.springframework.web.servlet.DispatcherServlet]: Initializing Servlet 'dispatcherServlet'
2022-11-06 21:33:03 INFO [org.springframework.web.servlet.DispatcherServlet]: Completed initialization in 3 ms
2022-11-06 21:33:03 INFO [com.zaxxer.hikari.HikariDataSource]: HikariPool-1 - Starting...
2022-11-06 21:33:04 INFO [com.zaxxer.hikari.HikariDataSource]: HikariPool-1 - Start completed.
2022-11-06 21:37:46 INFO [io.lettuce.core.protocol.CommandHandler]: null Unexpected exception during request: java.io.IOException: 远程主机强迫关闭了一个现有的连接。
java.io.IOException: 远程主机强迫关闭了一个现有的连接。
	at sun.nio.ch.SocketDispatcher.read0(Native Method)
	at sun.nio.ch.SocketDispatcher.read(SocketDispatcher.java:43)
	at sun.nio.ch.IOUtil.readIntoNativeBuffer(IOUtil.java:223)
	at sun.nio.ch.IOUtil.read(IOUtil.java:192)
	at sun.nio.ch.SocketChannelImpl.read(SocketChannelImpl.java:380)
	at io.netty.buffer.PooledByteBuf.setBytes(PooledByteBuf.java:253)
	at io.netty.buffer.AbstractByteBuf.writeBytes(AbstractByteBuf.java:1132)
	at io.netty.channel.socket.nio.NioSocketChannel.doReadBytes(NioSocketChannel.java:350)
	at io.netty.channel.nio.AbstractNioByteChannel$NioByteUnsafe.read(AbstractNioByteChannel.java:151)
	at io.netty.channel.nio.NioEventLoop.processSelectedKey(NioEventLoop.java:722)
	at io.netty.channel.nio.NioEventLoop.processSelectedKeysOptimized(NioEventLoop.java:658)
	at io.netty.channel.nio.NioEventLoop.processSelectedKeys(NioEventLoop.java:584)
	at io.netty.channel.nio.NioEventLoop.run(NioEventLoop.java:496)
	at io.netty.util.concurrent.SingleThreadEventExecutor$4.run(SingleThreadEventExecutor.java:986)
	at io.netty.util.internal.ThreadExecutorMap$2.run(ThreadExecutorMap.java:74)
	at io.netty.util.concurrent.FastThreadLocalRunnable.run(FastThreadLocalRunnable.java:30)
	at java.lang.Thread.run(Thread.java:748)
2022-11-06 21:37:46 INFO [io.lettuce.core.protocol.ConnectionWatchdog]: Reconnecting, last destination was /127.0.0.1:6379
2022-11-06 21:37:48 WARN [io.lettuce.core.protocol.ConnectionWatchdog]: Cannot reconnect to [127.0.0.1:6379]: Connection refused: no further information: /127.0.0.1:6379
2022-11-06 21:37:49 INFO [io.lettuce.core.protocol.ReconnectionHandler]: Reconnected to 127.0.0.1:6379
