2023-03-30 21:52:46 INFO [com.example.yin.YinMusicApplication]: Starting YinMusicApplication using Java 1.8.0_201 on LAPTOP-KHDN7OPL with PID 9588 (E:\AJ'S MUSICOM\music-website\music-server\target\classes started by ASUS in E:\AJ'S MUSICOM\music-website)
2023-03-30 21:52:46 INFO [com.example.yin.YinMusicApplication]: The following profiles are active: dev
2023-03-30 21:52:46 INFO [org.springframework.boot.devtools.env.DevToolsPropertyDefaultsPostProcessor]: Devtools property defaults active! Set 'spring.devtools.add-properties' to 'false' to disable
2023-03-30 21:52:46 INFO [org.springframework.boot.devtools.env.DevToolsPropertyDefaultsPostProcessor]: For additional web related logging consider setting the 'logging.level.web' property to 'DEBUG'
2023-03-30 21:52:47 INFO [org.springframework.data.repository.config.RepositoryConfigurationDelegate]: Multiple Spring Data modules found, entering strict repository configuration mode!
2023-03-30 21:52:47 INFO [org.springframework.data.repository.config.RepositoryConfigurationDelegate]: Bootstrapping Spring Data Redis repositories in DEFAULT mode.
2023-03-30 21:52:47 INFO [org.springframework.data.repository.config.RepositoryConfigurationDelegate]: Finished Spring Data repository scanning in 14 ms. Found 0 Redis repository interfaces.
2023-03-30 21:52:50 INFO [org.springframework.boot.web.embedded.tomcat.TomcatWebServer]: Tomcat initialized with port(s): 8080 (http)
2023-03-30 21:52:50 INFO [org.springframework.boot.web.servlet.context.ServletWebServerApplicationContext]: Root WebApplicationContext: initialization completed in 3311 ms
2023-03-30 21:52:51 INFO [org.springframework.boot.devtools.autoconfigure.OptionalLiveReloadServer]: LiveReload server is running on port 35729
2023-03-30 21:52:51 INFO [org.springframework.boot.web.embedded.tomcat.TomcatWebServer]: Tomcat started on port(s): 8080 (http) with context path ''
2023-03-30 21:52:51 INFO [com.example.yin.YinMusicApplication]: Started YinMusicApplication in 4.864 seconds (JVM running for 8.45)
2023-03-30 22:02:31 INFO [org.springframework.web.servlet.DispatcherServlet]: Initializing Servlet 'dispatcherServlet'
2023-03-30 22:02:31 INFO [org.springframework.web.servlet.DispatcherServlet]: Completed initialization in 23 ms
2023-03-30 22:02:32 INFO [com.zaxxer.hikari.HikariDataSource]: HikariPool-1 - Starting...
2023-03-30 22:02:32 INFO [com.zaxxer.hikari.HikariDataSource]: HikariPool-1 - Start completed.
2023-03-30 23:16:51 WARN [org.springframework.web.servlet.mvc.support.DefaultHandlerExceptionResolver]: Resolved [org.springframework.web.HttpMediaTypeNotSupportedException: Content type 'multipart/form-data;boundary=----WebKitFormBoundarynA6fwqQBLTXga4cC;charset=UTF-8' not supported]
2023-03-30 23:17:50 WARN [org.springframework.web.servlet.mvc.support.DefaultHandlerExceptionResolver]: Resolved [org.springframework.web.HttpMediaTypeNotSupportedException: Content type 'multipart/form-data;boundary=----WebKitFormBoundarySUptDOCl6D6JVMWB;charset=UTF-8' not supported]
2023-03-30 23:21:03 WARN [org.springframework.web.servlet.mvc.support.DefaultHandlerExceptionResolver]: Resolved [org.springframework.web.HttpMediaTypeNotSupportedException: Content type 'multipart/form-data;boundary=----WebKitFormBoundaryVRJTIEqXG65QHMNO;charset=UTF-8' not supported]
2023-03-30 23:21:07 WARN [org.springframework.web.servlet.mvc.support.DefaultHandlerExceptionResolver]: Resolved [org.springframework.web.HttpMediaTypeNotSupportedException: Content type 'multipart/form-data;boundary=----WebKitFormBoundary4Q8U8c42OZ0scmEQ;charset=UTF-8' not supported]
2023-03-30 23:21:17 WARN [org.springframework.web.servlet.mvc.support.DefaultHandlerExceptionResolver]: Resolved [org.springframework.web.HttpMediaTypeNotSupportedException: Content type 'multipart/form-data;boundary=----WebKitFormBoundary7E6nb99F1lS3pY4R;charset=UTF-8' not supported]
2023-03-30 23:23:16 WARN [org.springframework.web.servlet.mvc.support.DefaultHandlerExceptionResolver]: Resolved [org.springframework.web.HttpMediaTypeNotSupportedException: Content type 'multipart/form-data;boundary=----WebKitFormBoundaryTx9APdibHFFWtdNU;charset=UTF-8' not supported]
2023-03-30 23:24:13 WARN [org.springframework.web.servlet.mvc.support.DefaultHandlerExceptionResolver]: Resolved [org.springframework.web.HttpMediaTypeNotSupportedException: Content type 'multipart/form-data;boundary=----WebKitFormBoundarynSfJzkADKE17DRWF;charset=UTF-8' not supported]
2023-03-30 23:27:56 WARN [org.springframework.web.servlet.mvc.support.DefaultHandlerExceptionResolver]: Resolved [org.springframework.web.HttpMediaTypeNotSupportedException: Content type 'multipart/form-data;boundary=----WebKitFormBoundarys3UaMSmpAKcuJZjf;charset=UTF-8' not supported]
2023-03-30 23:28:51 WARN [org.springframework.web.servlet.mvc.support.DefaultHandlerExceptionResolver]: Resolved [org.springframework.web.HttpMediaTypeNotSupportedException: Content type 'multipart/form-data;boundary=----WebKitFormBoundarysYqkCwLG25axr6N5;charset=UTF-8' not supported]
2023-03-30 23:28:59 WARN [org.springframework.web.servlet.mvc.support.DefaultHandlerExceptionResolver]: Resolved [org.springframework.web.HttpMediaTypeNotSupportedException: Content type 'multipart/form-data;boundary=----WebKitFormBoundaryB1bPmOQLC1BgaeGe;charset=UTF-8' not supported]
2023-03-30 23:30:10 WARN [org.springframework.web.servlet.mvc.support.DefaultHandlerExceptionResolver]: Resolved [org.springframework.web.HttpMediaTypeNotSupportedException: Content type 'multipart/form-data;boundary=----WebKitFormBoundaryzAvV8OqRQj8RiJTD;charset=UTF-8' not supported]
