2023-01-31 00:00:48 INFO [com.example.yin.YinMusicApplication]: Starting YinMusicApplication using Java 1.8.0_201 on LAPTOP-KHDN7OPL with PID 17808 (E:\AJ'S MUSICOM\music-website\music-server\target\classes started by ASUS in E:\AJ'S MUSICOM\music-website)
2023-01-31 00:00:48 INFO [com.example.yin.YinMusicApplication]: The following profiles are active: dev
2023-01-31 00:00:48 INFO [org.springframework.boot.devtools.env.DevToolsPropertyDefaultsPostProcessor]: Devtools property defaults active! Set 'spring.devtools.add-properties' to 'false' to disable
2023-01-31 00:00:48 INFO [org.springframework.boot.devtools.env.DevToolsPropertyDefaultsPostProcessor]: For additional web related logging consider setting the 'logging.level.web' property to 'DEBUG'
2023-01-31 00:00:49 INFO [org.springframework.data.repository.config.RepositoryConfigurationDelegate]: Multiple Spring Data modules found, entering strict repository configuration mode!
2023-01-31 00:00:49 INFO [org.springframework.data.repository.config.RepositoryConfigurationDelegate]: Bootstrapping Spring Data Redis repositories in DEFAULT mode.
2023-01-31 00:00:49 INFO [org.springframework.data.repository.config.RepositoryConfigurationDelegate]: Finished Spring Data repository scanning in 13 ms. Found 0 Redis repository interfaces.
2023-01-31 00:00:51 INFO [org.springframework.boot.web.embedded.tomcat.TomcatWebServer]: Tomcat initialized with port(s): 8080 (http)
2023-01-31 00:00:51 INFO [org.springframework.boot.web.servlet.context.ServletWebServerApplicationContext]: Root WebApplicationContext: initialization completed in 2666 ms
2023-01-31 00:00:52 INFO [org.springframework.boot.devtools.autoconfigure.OptionalLiveReloadServer]: LiveReload server is running on port 35729
2023-01-31 00:00:52 INFO [org.springframework.boot.web.embedded.tomcat.TomcatWebServer]: Tomcat started on port(s): 8080 (http) with context path ''
2023-01-31 00:00:52 INFO [com.example.yin.YinMusicApplication]: Started YinMusicApplication in 3.964 seconds (JVM running for 5.345)
2023-01-31 00:05:24 INFO [org.springframework.web.servlet.DispatcherServlet]: Initializing Servlet 'dispatcherServlet'
2023-01-31 00:05:24 INFO [org.springframework.web.servlet.DispatcherServlet]: Completed initialization in 3 ms
2023-01-31 00:05:24 INFO [com.zaxxer.hikari.HikariDataSource]: HikariPool-1 - Starting...
2023-01-31 00:05:25 INFO [com.zaxxer.hikari.HikariDataSource]: HikariPool-1 - Start completed.
2023-01-31 00:12:09 WARN [org.springframework.web.servlet.mvc.support.DefaultHandlerExceptionResolver]: Resolved [org.springframework.web.bind.MissingServletRequestParameterException: Required request parameter 'consumerId' for method parameter type Long is present but converted to null]
2023-01-31 04:31:53 WARN [com.zaxxer.hikari.pool.HikariPool]: HikariPool-1 - Thread starvation or clock leap detected (housekeeper delta=3h1m57s263ms269µs500ns).
2023-01-31 21:30:11 INFO [com.example.yin.YinMusicApplication]: Starting YinMusicApplication using Java 1.8.0_201 on LAPTOP-KHDN7OPL with PID 20564 (E:\AJ'S MUSICOM\music-website\music-server\target\classes started by ASUS in E:\AJ'S MUSICOM\music-website)
2023-01-31 21:30:11 INFO [com.example.yin.YinMusicApplication]: The following profiles are active: dev
2023-01-31 21:30:11 INFO [org.springframework.boot.devtools.env.DevToolsPropertyDefaultsPostProcessor]: Devtools property defaults active! Set 'spring.devtools.add-properties' to 'false' to disable
2023-01-31 21:30:11 INFO [org.springframework.boot.devtools.env.DevToolsPropertyDefaultsPostProcessor]: For additional web related logging consider setting the 'logging.level.web' property to 'DEBUG'
2023-01-31 21:30:12 INFO [org.springframework.data.repository.config.RepositoryConfigurationDelegate]: Multiple Spring Data modules found, entering strict repository configuration mode!
2023-01-31 21:30:12 INFO [org.springframework.data.repository.config.RepositoryConfigurationDelegate]: Bootstrapping Spring Data Redis repositories in DEFAULT mode.
2023-01-31 21:30:12 INFO [org.springframework.data.repository.config.RepositoryConfigurationDelegate]: Finished Spring Data repository scanning in 12 ms. Found 0 Redis repository interfaces.
2023-01-31 21:30:14 INFO [org.springframework.boot.web.embedded.tomcat.TomcatWebServer]: Tomcat initialized with port(s): 8080 (http)
2023-01-31 21:30:14 INFO [org.springframework.boot.web.servlet.context.ServletWebServerApplicationContext]: Root WebApplicationContext: initialization completed in 2742 ms
2023-01-31 21:30:15 INFO [org.springframework.boot.devtools.autoconfigure.OptionalLiveReloadServer]: LiveReload server is running on port 35729
2023-01-31 21:30:15 INFO [org.springframework.boot.web.embedded.tomcat.TomcatWebServer]: Tomcat started on port(s): 8080 (http) with context path ''
2023-01-31 21:30:15 INFO [com.example.yin.YinMusicApplication]: Started YinMusicApplication in 4.157 seconds (JVM running for 5.828)
2023-01-31 21:34:34 INFO [org.springframework.web.servlet.DispatcherServlet]: Initializing Servlet 'dispatcherServlet'
2023-01-31 21:34:34 INFO [org.springframework.web.servlet.DispatcherServlet]: Completed initialization in 1 ms
2023-01-31 21:34:35 INFO [com.zaxxer.hikari.HikariDataSource]: HikariPool-1 - Starting...
2023-01-31 21:34:35 INFO [com.zaxxer.hikari.HikariDataSource]: HikariPool-1 - Start completed.
